<?xml version="1.0" encoding="utf-8"?>
<TestRun id="4539c44c-03a3-4dd1-92af-d4abe5204bd5" name="bverthe@PC-24745 2020-04-17 22:02:24" runUser="AI\bverthe" xmlns="http://microsoft.com/schemas/VisualStudio/TeamTest/2010">
  <Times creation="2020-04-17T22:02:24.6020400+02:00" queuing="2020-04-17T22:02:24.6020426+02:00" start="2020-04-17T22:02:21.5414513+02:00" finish="2020-04-17T22:02:41.4313498+02:00" />
  <TestSettings name="default" id="d89486cf-0620-459a-af7e-7f2c669188b5">
    <Deployment runDeploymentRoot="bverthe_PC-24745_2020-04-17_22_02_24" />
  </TestSettings>
  <Results>
    <UnitTestResult executionId="64271e33-e709-41f9-94e2-a028e1c58cc9" testId="37d36b47-d1fd-053f-2985-6f5a748a440a" testName="Chinook.Repository.Integration.Tests.ExtendedRepository.InvoicesByWeekday(dayOfWeek: Friday)" computerName="PC-24745" duration="00:00:00.1210000" startTime="2020-04-17T22:02:41.0893559+02:00" endTime="2020-04-17T22:02:41.0893559+02:00" testType="13cdc9d9-ddb5-4fa4-a97d-d965ccfc6d4b" outcome="Passed" testListId="8c84fa94-04c1-424b-9868-57a2d4851a1d" relativeResultsDirectory="64271e33-e709-41f9-94e2-a028e1c58cc9" />
    <UnitTestResult executionId="ed4a2261-8697-4178-812d-3eba0111b03d" testId="b89591c6-c390-ee3b-790f-eb318e5816b3" testName="Chinook.Repository.Integration.Tests.ReadonlyRepositoryTest.GetWithFilter(artistName: &quot;AC/DC&quot;, albumTitlePart: &quot;Those&quot;, expectedAlbumTitle: &quot;For Those About To Rock We Salute You&quot;)" computerName="PC-24745" duration="00:00:00.0160000" startTime="2020-04-17T22:02:41.3180736+02:00" endTime="2020-04-17T22:02:41.3180737+02:00" testType="13cdc9d9-ddb5-4fa4-a97d-d965ccfc6d4b" outcome="Passed" testListId="8c84fa94-04c1-424b-9868-57a2d4851a1d" relativeResultsDirectory="ed4a2261-8697-4178-812d-3eba0111b03d" />
    <UnitTestResult executionId="4e104cf8-f95d-4beb-be1e-a7ec31d728d9" testId="6259b39d-45e2-c98c-5e5b-917db325b7c8" testName="Chinook.Repository.Integration.Tests.ExtendedRepositoryTest.InvoicesByWeekdays(dayOfWeek1: Tuesday, dayOfWeek2: Wednesday)" computerName="PC-24745" duration="00:00:00.1060000" startTime="2020-04-17T22:02:41.0893352+02:00" endTime="2020-04-17T22:02:41.0893357+02:00" testType="13cdc9d9-ddb5-4fa4-a97d-d965ccfc6d4b" outcome="Passed" testListId="8c84fa94-04c1-424b-9868-57a2d4851a1d" relativeResultsDirectory="4e104cf8-f95d-4beb-be1e-a7ec31d728d9" />
    <UnitTestResult executionId="b67653ba-3c5f-45fe-8b36-24f52c47dac4" testId="d8732610-197b-77b5-8217-7049d81b3d25" testName="Chinook.Repository.Integration.Tests.ReadonlyRepositoryTest.GetWithFilterAndSort(artistStartsWith: &quot;A&quot;, expectedTotal: 27, expectedFirstAlbum: &quot;Worlds&quot;)" computerName="PC-24745" duration="00:00:00.0010000" startTime="2020-04-17T22:02:41.2991165+02:00" endTime="2020-04-17T22:02:41.2991166+02:00" testType="13cdc9d9-ddb5-4fa4-a97d-d965ccfc6d4b" outcome="Passed" testListId="8c84fa94-04c1-424b-9868-57a2d4851a1d" relativeResultsDirectory="b67653ba-3c5f-45fe-8b36-24f52c47dac4" />
    <UnitTestResult executionId="e7cae9cd-06ef-4dbc-b646-b01bcb2ea115" testId="c64a33b3-ae59-aa0d-d229-d384e924b18d" testName="Chinook.Repository.Integration.Tests.ReadonlyRepositoryTest.GetWithNullFilterAndSortAndPaging(page: 2, pageSize: 10, expectedTotal: 347, expectedAlbumTitles: [&quot;Voodoo Lounge&quot;, &quot;Volume Dois&quot;, &quot;Vivaldi: The Four Seasons&quot;, &quot;Virtual XI&quot;, &quot;Vinícius De Moraes - Sem Limite&quot;, ...])" computerName="PC-24745" duration="00:00:00.0010000" startTime="2020-04-17T22:02:41.3013288+02:00" endTime="2020-04-17T22:02:41.3013289+02:00" testType="13cdc9d9-ddb5-4fa4-a97d-d965ccfc6d4b" outcome="Passed" testListId="8c84fa94-04c1-424b-9868-57a2d4851a1d" relativeResultsDirectory="e7cae9cd-06ef-4dbc-b646-b01bcb2ea115" />
    <UnitTestResult executionId="b28800f9-8b31-4126-941d-027bd956fc71" testId="bbedcddc-c188-436f-3a26-350aa86619b9" testName="Chinook.Repository.Integration.Tests.IReadonlyRepositoryFromReadonlyRepositoryTest.GetWithNullFilterAndSortAndPaging(page: 400, pageSize: 10, expectedItemsInPage: 0)" computerName="PC-24745" duration="00:00:00.0010000" startTime="2020-04-17T22:02:41.1524424+02:00" endTime="2020-04-17T22:02:41.1524425+02:00" testType="13cdc9d9-ddb5-4fa4-a97d-d965ccfc6d4b" outcome="Passed" testListId="8c84fa94-04c1-424b-9868-57a2d4851a1d" relativeResultsDirectory="b28800f9-8b31-4126-941d-027bd956fc71" />
    <UnitTestResult executionId="d418c63a-bf0a-484e-80c9-7bffb6561d67" testId="09dc2a63-ec0c-ce91-2eab-54212f945eac" testName="Chinook.Repository.Integration.Tests.IReadonlyRepositoryFromRepositoryTest.GetWithFilter(artistName: &quot;AC/DC&quot;, albumTitlePart: &quot;Those&quot;, expectedAlbumTitle: &quot;For Those About To Rock We Salute You&quot;)" computerName="PC-24745" duration="00:00:00.0010000" startTime="2020-04-17T22:02:41.3435328+02:00" endTime="2020-04-17T22:02:41.3435329+02:00" testType="13cdc9d9-ddb5-4fa4-a97d-d965ccfc6d4b" outcome="Passed" testListId="8c84fa94-04c1-424b-9868-57a2d4851a1d" relativeResultsDirectory="d418c63a-bf0a-484e-80c9-7bffb6561d67" />
    <UnitTestResult executionId="bd97f8fb-b3bd-4be4-b84b-e345db455094" testId="fb4418cc-0369-f023-ae37-754a92df5356" testName="Chinook.Repository.Integration.Tests.IReadonlyRepositoryFromRepositoryTest.GetWithNullFilter" computerName="PC-24745" duration="00:00:00.0010000" startTime="2020-04-17T22:02:41.3014541+02:00" endTime="2020-04-17T22:02:41.3014543+02:00" testType="13cdc9d9-ddb5-4fa4-a97d-d965ccfc6d4b" outcome="Passed" testListId="8c84fa94-04c1-424b-9868-57a2d4851a1d" relativeResultsDirectory="bd97f8fb-b3bd-4be4-b84b-e345db455094" />
    <UnitTestResult executionId="8ccb8672-32ff-40db-8a47-586635936f80" testId="8d91f092-8220-9f28-3fc7-c17da9035965" testName="Chinook.Repository.Integration.Tests.IReadonlyRepositoryFromRepositoryTest.GetWithNullFilterAndSortAndPaging(page: 400, pageSize: 10, expectedTotal: 347, expectedAlbumTitles: [])" computerName="PC-24745" duration="00:00:00.0010000" startTime="2020-04-17T22:02:41.1692211+02:00" endTime="2020-04-17T22:02:41.1692213+02:00" testType="13cdc9d9-ddb5-4fa4-a97d-d965ccfc6d4b" outcome="Passed" testListId="8c84fa94-04c1-424b-9868-57a2d4851a1d" relativeResultsDirectory="8ccb8672-32ff-40db-8a47-586635936f80" />
    <UnitTestResult executionId="4f6519ea-5b72-45ff-984d-74085f585218" testId="fcea952d-40c0-3229-c764-974cd43230e4" testName="Chinook.Repository.Integration.Tests.IReadonlyRepositoryFromRepositoryTest.GetWithFilterNullAndSortAndPaging(page: 1, pageSize: 10, expectedTotal: 347, expectedAlbumTitles: [&quot;[1997] Black Light Syndrome&quot;, &quot;Zooropa&quot;, &quot;Worlds&quot;, &quot;Weill: The Seven Deadly Sins&quot;, &quot;Warner 25 Anos&quot;, ...])" computerName="PC-24745" duration="00:00:00.0010000" startTime="2020-04-17T22:02:41.1600028+02:00" endTime="2020-04-17T22:02:41.1600029+02:00" testType="13cdc9d9-ddb5-4fa4-a97d-d965ccfc6d4b" outcome="Passed" testListId="8c84fa94-04c1-424b-9868-57a2d4851a1d" relativeResultsDirectory="4f6519ea-5b72-45ff-984d-74085f585218" />
    <UnitTestResult executionId="2c2d7607-cbca-4c87-ba01-b8460000e896" testId="c3ec0a9a-98ab-8a3b-21f5-8a7ca66cf0ab" testName="Chinook.Repository.Integration.Tests.ReadonlyRepositoryTest.GetWithNullFilter" computerName="PC-24745" duration="00:00:00.0010000" startTime="2020-04-17T22:02:41.3183679+02:00" endTime="2020-04-17T22:02:41.3183680+02:00" testType="13cdc9d9-ddb5-4fa4-a97d-d965ccfc6d4b" outcome="Passed" testListId="8c84fa94-04c1-424b-9868-57a2d4851a1d" relativeResultsDirectory="2c2d7607-cbca-4c87-ba01-b8460000e896" />
    <UnitTestResult executionId="5b6343a3-3f4c-421b-8dad-b2b4922647cd" testId="0a312680-dbf8-1daa-239b-d798a3ebc0e1" testName="Chinook.Repository.Integration.Tests.ReadonlyRepositoryTest.All(expected: [&quot;MPEG audio file&quot;, &quot;Protected AAC audio file&quot;, &quot;Protected MPEG-4 video file&quot;, &quot;Purchased AAC audio file&quot;, &quot;AAC audio file&quot;])" computerName="PC-24745" duration="00:00:00.0010000" startTime="2020-04-17T22:02:41.3406799+02:00" endTime="2020-04-17T22:02:41.3406799+02:00" testType="13cdc9d9-ddb5-4fa4-a97d-d965ccfc6d4b" outcome="Passed" testListId="8c84fa94-04c1-424b-9868-57a2d4851a1d" relativeResultsDirectory="5b6343a3-3f4c-421b-8dad-b2b4922647cd" />
    <UnitTestResult executionId="ad972bb6-6798-4d59-92b4-ff537f804a73" testId="bf94b776-abbc-797a-decf-8f900fd967ad" testName="Chinook.Repository.Integration.Tests.ReadonlyRepositoryTest.GetWithFilterNull" computerName="PC-24745" duration="00:00:00.0010000" startTime="2020-04-17T22:02:41.3015812+02:00" endTime="2020-04-17T22:02:41.3015813+02:00" testType="13cdc9d9-ddb5-4fa4-a97d-d965ccfc6d4b" outcome="Passed" testListId="8c84fa94-04c1-424b-9868-57a2d4851a1d" relativeResultsDirectory="ad972bb6-6798-4d59-92b4-ff537f804a73" />
    <UnitTestResult executionId="cd3f0c52-4161-4b8c-97cb-86a89acd0392" testId="8fddc897-fd60-4b33-88a2-acc3f7664cb1" testName="Chinook.Repository.Integration.Tests.ReadonlyRepositoryTest.GetWithFilterNullAndSortAndPaging(page: 400, pageSize: 10, expectedTotal: 347, expectedAlbumTitles: [])" computerName="PC-24745" duration="00:00:00.0500000" startTime="2020-04-17T22:02:41.0830668+02:00" endTime="2020-04-17T22:02:41.0830671+02:00" testType="13cdc9d9-ddb5-4fa4-a97d-d965ccfc6d4b" outcome="Passed" testListId="8c84fa94-04c1-424b-9868-57a2d4851a1d" relativeResultsDirectory="cd3f0c52-4161-4b8c-97cb-86a89acd0392" />
    <UnitTestResult executionId="5f7783e6-778a-478d-8494-2bf8e7f737d3" testId="fe4c1e87-3a8f-07e6-0118-b54bbd513b16" testName="Chinook.Repository.Integration.Tests.IReadonlyRepositoryFromReadonlyRepositoryTest.PagingIsOneBased(page: 0, pageSize: 10)" computerName="PC-24745" duration="00:00:00.0040000" startTime="2020-04-17T22:02:41.1585277+02:00" endTime="2020-04-17T22:02:41.1585279+02:00" testType="13cdc9d9-ddb5-4fa4-a97d-d965ccfc6d4b" outcome="Passed" testListId="8c84fa94-04c1-424b-9868-57a2d4851a1d" relativeResultsDirectory="5f7783e6-778a-478d-8494-2bf8e7f737d3" />
    <UnitTestResult executionId="cb101de3-3ca4-459d-8652-e76ae9ab8231" testId="20be8a23-aa49-94b2-019d-fc737b9b5250" testName="Chinook.Repository.Integration.Tests.IReadonlyRepositoryFromRepositoryTest.GetWithFilterNullAndSortAndPaging(page: 400, pageSize: 10, expectedTotal: 347, expectedAlbumTitles: [])" computerName="PC-24745" duration="00:00:00.0010000" startTime="2020-04-17T22:02:41.1593602+02:00" endTime="2020-04-17T22:02:41.1593604+02:00" testType="13cdc9d9-ddb5-4fa4-a97d-d965ccfc6d4b" outcome="Passed" testListId="8c84fa94-04c1-424b-9868-57a2d4851a1d" relativeResultsDirectory="cb101de3-3ca4-459d-8652-e76ae9ab8231" />
    <UnitTestResult executionId="696d3e79-2807-4e4f-a666-88d209028885" testId="c58c28b2-3678-38ae-649c-f862917084c8" testName="Chinook.Repository.Integration.Tests.Remedies.TestRemedy4.Get(id: 1, expectedMediaType: &quot;MP3&quot;)" computerName="PC-24745" duration="00:00:00.0020000" startTime="2020-04-17T22:02:24.1587141+02:00" endTime="2020-04-17T22:02:24.1587142+02:00" testType="13cdc9d9-ddb5-4fa4-a97d-d965ccfc6d4b" outcome="Passed" testListId="8c84fa94-04c1-424b-9868-57a2d4851a1d" relativeResultsDirectory="696d3e79-2807-4e4f-a666-88d209028885" />
    <UnitTestResult executionId="2fd1e044-6958-4858-bd81-8a41d0a95295" testId="030044b4-8910-5def-6dec-83ca94341202" testName="Chinook.Repository.Integration.Tests.IReadonlyRepositoryFromRepositoryTest.GetWithFilterNullAndSortAndPaging(page: 2, pageSize: 10, expectedTotal: 347, expectedAlbumTitles: [&quot;Voodoo Lounge&quot;, &quot;Volume Dois&quot;, &quot;Vivaldi: The Four Seasons&quot;, &quot;Virtual XI&quot;, &quot;Vinícius De Moraes - Sem Limite&quot;, ...])" computerName="PC-24745" duration="00:00:00.0020000" startTime="2020-04-17T22:02:41.1586428+02:00" endTime="2020-04-17T22:02:41.1586430+02:00" testType="13cdc9d9-ddb5-4fa4-a97d-d965ccfc6d4b" outcome="Passed" testListId="8c84fa94-04c1-424b-9868-57a2d4851a1d" relativeResultsDirectory="2fd1e044-6958-4858-bd81-8a41d0a95295" />
    <UnitTestResult executionId="56999401-05ca-4aa6-930b-9dbf5bc1a018" testId="eb5e7496-aa89-a057-98bc-4e2e4113fa20" testName="Chinook.Repository.Integration.Tests.IReadonlyRepositoryFromReadonlyRepositoryTest.GetWithNullFilterAndSortAndPaging(page: 2, pageSize: 10, expectedItemsInPage: 10)" computerName="PC-24745" duration="00:00:00.0100000" startTime="2020-04-17T22:02:41.1481136+02:00" endTime="2020-04-17T22:02:41.1481138+02:00" testType="13cdc9d9-ddb5-4fa4-a97d-d965ccfc6d4b" outcome="Passed" testListId="8c84fa94-04c1-424b-9868-57a2d4851a1d" relativeResultsDirectory="56999401-05ca-4aa6-930b-9dbf5bc1a018" />
    <UnitTestResult executionId="66818114-72a6-4d13-8ecf-92d7f547c03f" testId="9d8f11cf-8fcd-ff43-f416-9459ab08b0e1" testName="Chinook.Repository.Integration.Tests.IReadonlyRepositoryFromRepositoryTest.GetWithFilterAndSort(artistStartsWith: &quot;A&quot;, expectedTotal: 27, expectedFirstAlbum: &quot;Worlds&quot;)" computerName="PC-24745" duration="00:00:00.0010000" startTime="2020-04-17T22:02:41.3025817+02:00" endTime="2020-04-17T22:02:41.3025819+02:00" testType="13cdc9d9-ddb5-4fa4-a97d-d965ccfc6d4b" outcome="Passed" testListId="8c84fa94-04c1-424b-9868-57a2d4851a1d" relativeResultsDirectory="66818114-72a6-4d13-8ecf-92d7f547c03f" />
    <UnitTestResult executionId="49d65f9d-2a5d-4e5a-8d69-cea9ebfc85d3" testId="a293574d-5313-773c-cff5-0981c009b208" testName="Chinook.Repository.Integration.Tests.Repository.AddArtistAlbumTracksGenre(artistName: &quot;K3&quot;, albumTitle: &quot;De Wereld Rond&quot;, genreName: &quot;Pop&quot;, tracks: [Track { MediaTypeId = 1, Milliseconds = 214000, Name = &quot;Liefdeskapitein&quot;, Size = null, UnitPrice = &quot;0.99&quot; }, Track { MediaTypeId = 1, Milliseconds = 215000, Name = &quot;Een ongelooflijk idee&quot;, Size = null, UnitPrice = &quot;0.99&quot; }, Track { MediaTypeId = 1, Milliseconds = 213000, Name = &quot;Dat ik van je hou&quot;, Size = null, UnitPrice = &quot;0.99&quot; }, Track { MediaTypeId = 1, Milliseconds = 192000, Name = &quot;Wij blijven vrienden&quot;, Size = null, UnitPrice = &quot;0.99&quot; }, Track { MediaTypeId = 1, Milliseconds = 225000, Name = &quot;Zou er iemand zijn op Mars&quot;, Size = null, UnitPrice = &quot;0.99&quot; }, ...])" computerName="PC-24745" duration="00:00:00.0190000" startTime="2020-04-17T22:02:24.5738577+02:00" endTime="2020-04-17T22:02:24.5738578+02:00" testType="13cdc9d9-ddb5-4fa4-a97d-d965ccfc6d4b" outcome="Passed" testListId="8c84fa94-04c1-424b-9868-57a2d4851a1d" relativeResultsDirectory="49d65f9d-2a5d-4e5a-8d69-cea9ebfc85d3" />
    <UnitTestResult executionId="be75e468-a496-44ff-8403-61209015688c" testId="93953863-c8cf-a189-d06c-fa285ebee53c" testName="Chinook.Repository.Integration.Tests.IReadonlyRepositoryFromRepositoryTest.AllWithIncludes" computerName="PC-24745" duration="00:00:00.1260000" startTime="2020-04-17T22:02:41.3002953+02:00" endTime="2020-04-17T22:02:41.3002955+02:00" testType="13cdc9d9-ddb5-4fa4-a97d-d965ccfc6d4b" outcome="Passed" testListId="8c84fa94-04c1-424b-9868-57a2d4851a1d" relativeResultsDirectory="be75e468-a496-44ff-8403-61209015688c" />
    <UnitTestResult executionId="7cbe3e0c-c1e1-4296-bcc5-870fc0e01d21" testId="6b94c398-2723-8a5e-2b96-da876d1518db" testName="Chinook.Repository.Integration.Tests.Remedies.TestRemedy4.Get(id: 4, expectedMediaType: &quot;OPUS&quot;)" computerName="PC-24745" duration="00:00:00.0070000" startTime="2020-04-17T22:02:24.1577818+02:00" endTime="2020-04-17T22:02:24.1577822+02:00" testType="13cdc9d9-ddb5-4fa4-a97d-d965ccfc6d4b" outcome="Passed" testListId="8c84fa94-04c1-424b-9868-57a2d4851a1d" relativeResultsDirectory="7cbe3e0c-c1e1-4296-bcc5-870fc0e01d21" />
    <UnitTestResult executionId="e0fdcfe1-743d-4c6c-b885-26394df6b527" testId="36ef8c2a-f113-291f-cf33-bc32a00c9686" testName="Chinook.Repository.Integration.Tests.IReadonlyRepositoryFromReadonlyRepositoryTest.GetByPrimaryKeyThrowsException" computerName="PC-24745" duration="00:00:00.0010000" startTime="2020-04-17T22:02:41.1663767+02:00" endTime="2020-04-17T22:02:41.1663768+02:00" testType="13cdc9d9-ddb5-4fa4-a97d-d965ccfc6d4b" outcome="Passed" testListId="8c84fa94-04c1-424b-9868-57a2d4851a1d" relativeResultsDirectory="e0fdcfe1-743d-4c6c-b885-26394df6b527" />
    <UnitTestResult executionId="42bf1a7e-7f87-4654-a84e-8d4e31d2ddae" testId="141cc597-28e5-0a56-301c-0f095f0fe084" testName="Chinook.Repository.Integration.Tests.Remedies.TestRemedy4.Get(id: 3, expectedMediaType: &quot;FLAC&quot;)" computerName="PC-24745" duration="00:00:00.4190000" startTime="2020-04-17T22:02:24.1468479+02:00" endTime="2020-04-17T22:02:24.1468481+02:00" testType="13cdc9d9-ddb5-4fa4-a97d-d965ccfc6d4b" outcome="Passed" testListId="8c84fa94-04c1-424b-9868-57a2d4851a1d" relativeResultsDirectory="42bf1a7e-7f87-4654-a84e-8d4e31d2ddae" />
    <UnitTestResult executionId="9c9dcbbf-a8ed-497d-bd57-f124454f591c" testId="a40d9642-5221-d0b0-387b-8a36822be710" testName="Chinook.Repository.Integration.Tests.RepositoryTest.DeleteArtist(artistToDelete: &quot;AC/DC&quot;)" computerName="PC-24745" duration="00:00:00.0430000" startTime="2020-04-17T22:02:24.6133027+02:00" endTime="2020-04-17T22:02:24.6133029+02:00" testType="13cdc9d9-ddb5-4fa4-a97d-d965ccfc6d4b" outcome="Passed" testListId="8c84fa94-04c1-424b-9868-57a2d4851a1d" relativeResultsDirectory="9c9dcbbf-a8ed-497d-bd57-f124454f591c" />
    <UnitTestResult executionId="d96eb5f9-17af-41a1-805b-37bc26febcdb" testId="33e76815-436d-5456-390c-76140e736608" testName="Chinook.Repository.Integration.Tests.ExtendedRepository.InvoicesByWeekday(dayOfWeek: Monday)" computerName="PC-24745" duration="00:00:00.0010000" startTime="2020-04-17T22:02:41.0900754+02:00" endTime="2020-04-17T22:02:41.0900755+02:00" testType="13cdc9d9-ddb5-4fa4-a97d-d965ccfc6d4b" outcome="Passed" testListId="8c84fa94-04c1-424b-9868-57a2d4851a1d" relativeResultsDirectory="d96eb5f9-17af-41a1-805b-37bc26febcdb" />
    <UnitTestResult executionId="bef5b28e-162a-40b1-839e-6da97d4bc970" testId="88d0d8a6-e75b-ce3e-834f-0e14eb24b996" testName="Chinook.Repository.Integration.Tests.ReadonlyRepositoryTest.Get(id: 1, expectedArtistName: &quot;AC/DC&quot;)" computerName="PC-24745" duration="00:00:00.0010000" startTime="2020-04-17T22:02:41.3416060+02:00" endTime="2020-04-17T22:02:41.3416061+02:00" testType="13cdc9d9-ddb5-4fa4-a97d-d965ccfc6d4b" outcome="Passed" testListId="8c84fa94-04c1-424b-9868-57a2d4851a1d" relativeResultsDirectory="bef5b28e-162a-40b1-839e-6da97d4bc970" />
    <UnitTestResult executionId="885c6098-e514-47b1-a2af-476f7f5d28d4" testId="d83e625f-428c-191c-b9cd-ee6662247c27" testName="Chinook.Repository.Integration.Tests.RepositoryTest.UpdateArtist(fromArtistName: &quot;Immortal&quot;, toArtistName: &quot;Mortal&quot;)" computerName="PC-24745" duration="00:00:00.0030000" startTime="2020-04-17T22:02:24.6304578+02:00" endTime="2020-04-17T22:02:24.6304578+02:00" testType="13cdc9d9-ddb5-4fa4-a97d-d965ccfc6d4b" outcome="Passed" testListId="8c84fa94-04c1-424b-9868-57a2d4851a1d" relativeResultsDirectory="885c6098-e514-47b1-a2af-476f7f5d28d4" />
    <UnitTestResult executionId="feba227a-cfa5-4b80-80e8-d4ef26ce7d63" testId="f2171815-cd65-5b94-472c-dbb0d032864b" testName="Chinook.Repository.Integration.Tests.ReadonlyRepositoryTest.GetWithIncludes(id: 1, expectedGenreName: &quot;Rock&quot;)" computerName="PC-24745" duration="00:00:00.0220000" startTime="2020-04-17T22:02:41.3401707+02:00" endTime="2020-04-17T22:02:41.3401738+02:00" testType="13cdc9d9-ddb5-4fa4-a97d-d965ccfc6d4b" outcome="Passed" testListId="8c84fa94-04c1-424b-9868-57a2d4851a1d" relativeResultsDirectory="feba227a-cfa5-4b80-80e8-d4ef26ce7d63" />
    <UnitTestResult executionId="0620d9b0-0687-41ae-80f1-5ba5a494957d" testId="3333a4dd-4aea-b8f1-e399-500cb0329b18" testName="Chinook.Repository.Integration.Tests.ReadonlyRepositoryTest.GetWithFilterAndSort(artistStartsWith: &quot;I&quot;, expectedTotal: 23, expectedFirstAlbum: &quot;Virtual XI&quot;)" computerName="PC-24745" duration="00:00:00.0080000" startTime="2020-04-17T22:02:41.2985465+02:00" endTime="2020-04-17T22:02:41.2985466+02:00" testType="13cdc9d9-ddb5-4fa4-a97d-d965ccfc6d4b" outcome="Passed" testListId="8c84fa94-04c1-424b-9868-57a2d4851a1d" relativeResultsDirectory="0620d9b0-0687-41ae-80f1-5ba5a494957d" />
    <UnitTestResult executionId="081c9e94-5895-4d3d-b66e-6b0e5a8b47f9" testId="7774f150-5cfe-9e38-f9e9-ee6fb63b8f40" testName="Chinook.Repository.Integration.Tests.IReadonlyRepositoryFromReadonlyRepositoryTest.GetWithFilterAndSort(artistStartsWith: &quot;S&quot;, expectedTotalRecords: 13, expectedFirstArtist: &quot;Santana&quot;, expectedTotalAlbums: 3)" computerName="PC-24745" duration="00:00:00.0110000" startTime="2020-04-17T22:02:41.1778685+02:00" endTime="2020-04-17T22:02:41.1778686+02:00" testType="13cdc9d9-ddb5-4fa4-a97d-d965ccfc6d4b" outcome="Passed" testListId="8c84fa94-04c1-424b-9868-57a2d4851a1d" relativeResultsDirectory="081c9e94-5895-4d3d-b66e-6b0e5a8b47f9" />
    <UnitTestResult executionId="911d34ca-810e-4c4a-b8e7-bea6d1f6f7a1" testId="052dcd78-2ffe-21be-a37e-5ca5ed166a0b" testName="Chinook.Repository.Integration.Tests.IReadonlyRepositoryFromRepositoryTest.All(expected: [&quot;MPEG audio file&quot;, &quot;Protected AAC audio file&quot;, &quot;Protected MPEG-4 video file&quot;, &quot;Purchased AAC audio file&quot;, &quot;AAC audio file&quot;])" computerName="PC-24745" duration="00:00:00.0070000" startTime="2020-04-17T22:02:41.1674255+02:00" endTime="2020-04-17T22:02:41.1674257+02:00" testType="13cdc9d9-ddb5-4fa4-a97d-d965ccfc6d4b" outcome="Passed" testListId="8c84fa94-04c1-424b-9868-57a2d4851a1d" relativeResultsDirectory="911d34ca-810e-4c4a-b8e7-bea6d1f6f7a1" />
    <UnitTestResult executionId="d9b3e019-4295-4277-bd5a-d3dce495ac6b" testId="bb894556-5beb-3fb3-1dfa-6a427a6aed94" testName="Chinook.Repository.Integration.Tests.IReadonlyRepositoryFromReadonlyRepositoryTest.GetWithNullFilter" computerName="PC-24745" duration="00:00:00.0020000" startTime="2020-04-17T22:02:41.1545669+02:00" endTime="2020-04-17T22:02:41.1545670+02:00" testType="13cdc9d9-ddb5-4fa4-a97d-d965ccfc6d4b" outcome="Passed" testListId="8c84fa94-04c1-424b-9868-57a2d4851a1d" relativeResultsDirectory="d9b3e019-4295-4277-bd5a-d3dce495ac6b" />
    <UnitTestResult executionId="854a3e2d-2cad-45a9-bd3a-9a59ffd2dcbb" testId="a293574d-5313-773c-cff5-0981c009b208" testName="Chinook.Repository.Integration.Tests.Repository.AddArtistAlbumTracksGenre(artistName: &quot;Absu&quot;, albumTitle: &quot;Tara&quot;, genreName: &quot;Black Metal&quot;, tracks: [Track { MediaTypeId = 1, Milliseconds = 116000, Name = &quot;Tara&quot;, Size = null, UnitPrice = &quot;0.99&quot; }, Track { MediaTypeId = 1, Milliseconds = 261000, Name = &quot;Pillars of Mercy&quot;, Size = null, UnitPrice = &quot;0.99&quot; }, Track { MediaTypeId = 1, Milliseconds = 202000, Name = &quot;A Shield with an Iron Face&quot;, Size = null, UnitPrice = &quot;0.99&quot; }, Track { MediaTypeId = 1, Milliseconds = 399000, Name = &quot;Manannán&quot;, Size = null, UnitPrice = &quot;0.99&quot; }, Track { MediaTypeId = 1, Milliseconds = 259000, Name = &quot;The Cognate House of Courtly Witches Lies West of &quot;..., Size = null, UnitPrice = &quot;0.99&quot; }, ...])" computerName="PC-24745" duration="00:00:00.0380000" startTime="2020-04-17T22:02:24.5508627+02:00" endTime="2020-04-17T22:02:24.5508628+02:00" testType="13cdc9d9-ddb5-4fa4-a97d-d965ccfc6d4b" outcome="Passed" testListId="8c84fa94-04c1-424b-9868-57a2d4851a1d" relativeResultsDirectory="854a3e2d-2cad-45a9-bd3a-9a59ffd2dcbb" />
    <UnitTestResult executionId="81b532b8-b3e9-440b-ab89-21a6b615900a" testId="606d2922-53f8-da9b-b98b-2c0b4ed67ca1" testName="Chinook.Repository.Integration.Tests.RepositoryTest.AddArtistAlbumTracksGenre(artistName: &quot;Immortal&quot;, albumTitle: &quot;Blizzard Beasts&quot;, genreName: &quot;Black Metal&quot;, tracks: [Track { MediaTypeId = 1, Milliseconds = 60000, Name = &quot;Intro&quot;, Size = null, UnitPrice = &quot;0.99&quot; }, Track { MediaTypeId = 1, Milliseconds = 169000, Name = &quot;Blizzard Beasts&quot;, Size = null, UnitPrice = &quot;0.99&quot; }, Track { MediaTypeId = 1, Milliseconds = 253000, Name = &quot;Nebular Ravens Winter&quot;, Size = null, UnitPrice = &quot;0.99&quot; }, Track { MediaTypeId = 1, Milliseconds = 167000, Name = &quot;Suns That Sank Below&quot;, Size = null, UnitPrice = &quot;0.99&quot; }, Track { MediaTypeId = 1, Milliseconds = 220000, Name = &quot;Battlefields&quot;, Size = null, UnitPrice = &quot;0.99&quot; }, ...])" computerName="PC-24745" duration="00:00:00.3730000" startTime="2020-04-17T22:02:24.5160064+02:00" endTime="2020-04-17T22:02:24.5160070+02:00" testType="13cdc9d9-ddb5-4fa4-a97d-d965ccfc6d4b" outcome="Passed" testListId="8c84fa94-04c1-424b-9868-57a2d4851a1d" relativeResultsDirectory="81b532b8-b3e9-440b-ab89-21a6b615900a" />
    <UnitTestResult executionId="82b26c1f-f439-4782-93b0-2e5817fb1014" testId="a293574d-5313-773c-cff5-0981c009b208" testName="Chinook.Repository.Integration.Tests.Repository.AddArtistAlbumTracksGenre(artistName: &quot;Immortal&quot;, albumTitle: &quot;Blizzard Beasts&quot;, genreName: &quot;Black Metal&quot;, tracks: [Track { MediaTypeId = 1, Milliseconds = 60000, Name = &quot;Intro&quot;, Size = null, UnitPrice = &quot;0.99&quot; }, Track { MediaTypeId = 1, Milliseconds = 169000, Name = &quot;Blizzard Beasts&quot;, Size = null, UnitPrice = &quot;0.99&quot; }, Track { MediaTypeId = 1, Milliseconds = 253000, Name = &quot;Nebular Ravens Winter&quot;, Size = null, UnitPrice = &quot;0.99&quot; }, Track { MediaTypeId = 1, Milliseconds = 167000, Name = &quot;Suns That Sank Below&quot;, Size = null, UnitPrice = &quot;0.99&quot; }, Track { MediaTypeId = 1, Milliseconds = 220000, Name = &quot;Battlefields&quot;, Size = null, UnitPrice = &quot;0.99&quot; }, ...])" computerName="PC-24745" duration="00:00:00.7920000" startTime="2020-04-17T22:02:24.5131183+02:00" endTime="2020-04-17T22:02:24.5131186+02:00" testType="13cdc9d9-ddb5-4fa4-a97d-d965ccfc6d4b" outcome="Passed" testListId="8c84fa94-04c1-424b-9868-57a2d4851a1d" relativeResultsDirectory="82b26c1f-f439-4782-93b0-2e5817fb1014" />
    <UnitTestResult executionId="a57eac27-fb65-4dbd-9384-f38b722c974d" testId="d44c369b-9e0e-ff72-d5ae-29676af1a1f6" testName="Chinook.Repository.Integration.Tests.RepositoryTest.Get(id: 1, expectedArtistName: &quot;AC/DC&quot;)" computerName="PC-24745" duration="00:00:00.4180000" startTime="2020-04-17T22:02:24.1542190+02:00" endTime="2020-04-17T22:02:24.1542191+02:00" testType="13cdc9d9-ddb5-4fa4-a97d-d965ccfc6d4b" outcome="Passed" testListId="8c84fa94-04c1-424b-9868-57a2d4851a1d" relativeResultsDirectory="a57eac27-fb65-4dbd-9384-f38b722c974d" />
    <UnitTestResult executionId="c8a80b5b-b203-4ab8-a3da-fd99f52089b2" testId="b17e41a8-df62-156e-4a9c-75c29af73c2a" testName="Chinook.Repository.Integration.Tests.IReadonlyRepositoryFromRepositoryTest.Get(id: 1, expectedArtistName: &quot;AC/DC&quot;)" computerName="PC-24745" duration="00:00:00.0040000" startTime="2020-04-17T22:02:41.1737617+02:00" endTime="2020-04-17T22:02:41.1737618+02:00" testType="13cdc9d9-ddb5-4fa4-a97d-d965ccfc6d4b" outcome="Passed" testListId="8c84fa94-04c1-424b-9868-57a2d4851a1d" relativeResultsDirectory="c8a80b5b-b203-4ab8-a3da-fd99f52089b2" />
    <UnitTestResult executionId="2bb351a7-3fa0-44db-a242-2453c45b7614" testId="45e46e0e-b6c9-5f06-accd-29b24b9cfc99" testName="Chinook.Repository.Integration.Tests.ReadonlyRepositoryTest.GetWithNullFilterAndSortAndPaging(page: 1, pageSize: 10, expectedTotal: 347, expectedAlbumTitles: [&quot;[1997] Black Light Syndrome&quot;, &quot;Zooropa&quot;, &quot;Worlds&quot;, &quot;Weill: The Seven Deadly Sins&quot;, &quot;Warner 25 Anos&quot;, ...])" computerName="PC-24745" duration="00:00:00.0010000" startTime="2020-04-17T22:02:41.3010044+02:00" endTime="2020-04-17T22:02:41.3010046+02:00" testType="13cdc9d9-ddb5-4fa4-a97d-d965ccfc6d4b" outcome="Passed" testListId="8c84fa94-04c1-424b-9868-57a2d4851a1d" relativeResultsDirectory="2bb351a7-3fa0-44db-a242-2453c45b7614" />
    <UnitTestResult executionId="a0ea1a90-44a7-4711-96ad-d8cf612a95b2" testId="3a7a8d94-368e-4111-9444-d83cc542d7d3" testName="Chinook.Repository.Integration.Tests.Remedies.TestRemedy4.Get(id: 5, expectedMediaType: &quot;VOC&quot;)" computerName="PC-24745" duration="00:00:00.0010000" startTime="2020-04-17T22:02:24.1586608+02:00" endTime="2020-04-17T22:02:24.1586610+02:00" testType="13cdc9d9-ddb5-4fa4-a97d-d965ccfc6d4b" outcome="Passed" testListId="8c84fa94-04c1-424b-9868-57a2d4851a1d" relativeResultsDirectory="a0ea1a90-44a7-4711-96ad-d8cf612a95b2" />
    <UnitTestResult executionId="bbce975a-294c-4106-b2fc-ce9f8907cd76" testId="835e21a7-ed94-fdca-3570-a4c8a363234b" testName="Chinook.Repository.Integration.Tests.ExtendedRepositoryTest.InvoicesByWeekday(dayOfWeek: Friday)" computerName="PC-24745" duration="00:00:00.0010000" startTime="2020-04-17T22:02:41.0907452+02:00" endTime="2020-04-17T22:02:41.0907453+02:00" testType="13cdc9d9-ddb5-4fa4-a97d-d965ccfc6d4b" outcome="Passed" testListId="8c84fa94-04c1-424b-9868-57a2d4851a1d" relativeResultsDirectory="bbce975a-294c-4106-b2fc-ce9f8907cd76" />
    <UnitTestResult executionId="8b003050-3683-4318-8d10-253887f42139" testId="f214520f-1740-6774-a8e0-815dbeb8358e" testName="Chinook.Repository.Integration.Tests.RepositoryTest.UpdateArtist(fromArtistName: &quot;Absu&quot;, toArtistName: &quot;Abzu&quot;)" computerName="PC-24745" duration="00:00:00.0140000" startTime="2020-04-17T22:02:24.6270822+02:00" endTime="2020-04-17T22:02:24.6270823+02:00" testType="13cdc9d9-ddb5-4fa4-a97d-d965ccfc6d4b" outcome="Passed" testListId="8c84fa94-04c1-424b-9868-57a2d4851a1d" relativeResultsDirectory="8b003050-3683-4318-8d10-253887f42139" />
    <UnitTestResult executionId="37ff9a54-fd0c-4935-a998-9b3e36a0bb30" testId="9686d33d-5684-6a09-7105-9909e9f536f5" testName="Chinook.Repository.Integration.Tests.IReadonlyRepositoryFromReadonlyRepositoryTest.GetWithFilterAndSort(artistStartsWith: &quot;A&quot;, expectedTotalRecords: 21, expectedFirstArtist: &quot;Audioslave&quot;, expectedTotalAlbums: 3)" computerName="PC-24745" duration="00:00:00.0010000" startTime="2020-04-17T22:02:41.1786602+02:00" endTime="2020-04-17T22:02:41.1786603+02:00" testType="13cdc9d9-ddb5-4fa4-a97d-d965ccfc6d4b" outcome="Passed" testListId="8c84fa94-04c1-424b-9868-57a2d4851a1d" relativeResultsDirectory="37ff9a54-fd0c-4935-a998-9b3e36a0bb30" />
    <UnitTestResult executionId="d93c6954-fe59-4739-a508-0c3a8c1324b5" testId="d55968c4-8524-c7e9-d618-6e90a9fd3252" testName="Chinook.Repository.Integration.Tests.IReadonlyRepositoryFromRepositoryTest.GetWithNullFilterAndSortAndPaging(page: 2, pageSize: 10, expectedTotal: 347, expectedAlbumTitles: [&quot;Voodoo Lounge&quot;, &quot;Volume Dois&quot;, &quot;Vivaldi: The Four Seasons&quot;, &quot;Virtual XI&quot;, &quot;Vinícius De Moraes - Sem Limite&quot;, ...])" computerName="PC-24745" duration="00:00:00.0010000" startTime="2020-04-17T22:02:41.1687358+02:00" endTime="2020-04-17T22:02:41.1687360+02:00" testType="13cdc9d9-ddb5-4fa4-a97d-d965ccfc6d4b" outcome="Passed" testListId="8c84fa94-04c1-424b-9868-57a2d4851a1d" relativeResultsDirectory="d93c6954-fe59-4739-a508-0c3a8c1324b5" />
    <UnitTestResult executionId="684fdecf-6b60-4583-afed-9467090b8f56" testId="470cb290-7b40-15dc-9627-dcc3c781cb6c" testName="Chinook.Repository.Integration.Tests.Repository.DeleteArtist(artistToDelete: &quot;K3&quot;)" computerName="PC-24745" duration="00:00:00.0470000" startTime="2020-04-17T22:02:24.6171239+02:00" endTime="2020-04-17T22:02:24.6171241+02:00" testType="13cdc9d9-ddb5-4fa4-a97d-d965ccfc6d4b" outcome="Passed" testListId="8c84fa94-04c1-424b-9868-57a2d4851a1d" relativeResultsDirectory="684fdecf-6b60-4583-afed-9467090b8f56" />
    <UnitTestResult executionId="6c81ae2a-bb60-43ce-8e86-d68268af2fcb" testId="af81a47d-aabe-ec26-760c-48ade6354b84" testName="Chinook.Repository.Integration.Tests.ReadonlyRepositoryTest.GetWithFilterNullAndSortAndPaging(page: 1, pageSize: 10, expectedTotal: 347, expectedAlbumTitles: [&quot;[1997] Black Light Syndrome&quot;, &quot;Zooropa&quot;, &quot;Worlds&quot;, &quot;Weill: The Seven Deadly Sins&quot;, &quot;Warner 25 Anos&quot;, ...])" computerName="PC-24745" duration="00:00:00.0010000" startTime="2020-04-17T22:02:41.0981730+02:00" endTime="2020-04-17T22:02:41.0981732+02:00" testType="13cdc9d9-ddb5-4fa4-a97d-d965ccfc6d4b" outcome="Passed" testListId="8c84fa94-04c1-424b-9868-57a2d4851a1d" relativeResultsDirectory="6c81ae2a-bb60-43ce-8e86-d68268af2fcb" />
    <UnitTestResult executionId="f08f331a-2768-4b67-9e8c-a417f2c7cdb2" testId="070b54de-2cb4-632d-3953-02082a6ef1b4" testName="Chinook.Repository.Integration.Tests.IReadonlyRepositoryFromRepositoryTest.GetWithIncludes(id: 1, expectedGenreName: &quot;Rock&quot;)" computerName="PC-24745" duration="00:00:00.0300000" startTime="2020-04-17T22:02:41.3422874+02:00" endTime="2020-04-17T22:02:41.3422875+02:00" testType="13cdc9d9-ddb5-4fa4-a97d-d965ccfc6d4b" outcome="Passed" testListId="8c84fa94-04c1-424b-9868-57a2d4851a1d" relativeResultsDirectory="f08f331a-2768-4b67-9e8c-a417f2c7cdb2" />
    <UnitTestResult executionId="3246150c-dd39-4369-a2e1-8557c36d2271" testId="88f8248f-fb58-85f7-a3e8-2dc7aa83fea2" testName="Chinook.Repository.Integration.Tests.IReadonlyRepositoryFromRepositoryTest.GetWithFilterAndSort(artistStartsWith: &quot;I&quot;, expectedTotal: 23, expectedFirstAlbum: &quot;Virtual XI&quot;)" computerName="PC-24745" duration="00:00:00.0090000" startTime="2020-04-17T22:02:41.3119837+02:00" endTime="2020-04-17T22:02:41.3119839+02:00" testType="13cdc9d9-ddb5-4fa4-a97d-d965ccfc6d4b" outcome="Passed" testListId="8c84fa94-04c1-424b-9868-57a2d4851a1d" relativeResultsDirectory="3246150c-dd39-4369-a2e1-8557c36d2271" />
    <UnitTestResult executionId="d2ac6f0f-293a-4645-b0b7-6642998258e0" testId="eee7a9e9-b843-bc3c-f7dd-5f23c4e4c21b" testName="Chinook.Repository.Integration.Tests.IReadonlyRepositoryFromReadonlyRepositoryTest.AllWithIncludes" computerName="PC-24745" duration="00:00:00.0090000" startTime="2020-04-17T22:02:41.1873739+02:00" endTime="2020-04-17T22:02:41.1873743+02:00" testType="13cdc9d9-ddb5-4fa4-a97d-d965ccfc6d4b" outcome="Passed" testListId="8c84fa94-04c1-424b-9868-57a2d4851a1d" relativeResultsDirectory="d2ac6f0f-293a-4645-b0b7-6642998258e0" />
    <UnitTestResult executionId="4a76087c-62d3-4ebf-b598-0f3c70167f25" testId="750a2ae3-6d9a-81e2-0e54-1494bd9854e2" testName="Chinook.Repository.Integration.Tests.Remedies.TestRemedy4.Get(id: 2, expectedMediaType: &quot;OGG&quot;)" computerName="PC-24745" duration="00:00:00.0010000" startTime="2020-04-17T22:02:24.1587528+02:00" endTime="2020-04-17T22:02:24.1587529+02:00" testType="13cdc9d9-ddb5-4fa4-a97d-d965ccfc6d4b" outcome="Passed" testListId="8c84fa94-04c1-424b-9868-57a2d4851a1d" relativeResultsDirectory="4a76087c-62d3-4ebf-b598-0f3c70167f25" />
    <UnitTestResult executionId="7460c3c9-14c4-4d99-b347-c21f87dc476b" testId="f1bfecf8-5a99-639a-5b1e-e97389355939" testName="Chinook.Repository.Integration.Tests.ReadonlyRepositoryTest.GetWithNullFilterAndSortAndPaging(page: 400, pageSize: 10, expectedTotal: 347, expectedAlbumTitles: [])" computerName="PC-24745" duration="00:00:00.0010000" startTime="2020-04-17T22:02:41.3004727+02:00" endTime="2020-04-17T22:02:41.3004728+02:00" testType="13cdc9d9-ddb5-4fa4-a97d-d965ccfc6d4b" outcome="Passed" testListId="8c84fa94-04c1-424b-9868-57a2d4851a1d" relativeResultsDirectory="7460c3c9-14c4-4d99-b347-c21f87dc476b" />
    <UnitTestResult executionId="0aa3833a-15ab-499b-83bb-28a1163b8585" testId="ef217c55-4d91-b8c3-4f14-6ad92075e33f" testName="Chinook.Repository.Integration.Tests.ReadonlyRepositoryTest.GetWithFilterNullAndSortAndPaging(page: 2, pageSize: 10, expectedTotal: 347, expectedAlbumTitles: [&quot;Voodoo Lounge&quot;, &quot;Volume Dois&quot;, &quot;Vivaldi: The Four Seasons&quot;, &quot;Virtual XI&quot;, &quot;Vinícius De Moraes - Sem Limite&quot;, ...])" computerName="PC-24745" duration="00:00:00.0140000" startTime="2020-04-17T22:02:41.0974198+02:00" endTime="2020-04-17T22:02:41.0974202+02:00" testType="13cdc9d9-ddb5-4fa4-a97d-d965ccfc6d4b" outcome="Passed" testListId="8c84fa94-04c1-424b-9868-57a2d4851a1d" relativeResultsDirectory="0aa3833a-15ab-499b-83bb-28a1163b8585" />
    <UnitTestResult executionId="54eaa482-a115-4f94-8adb-ec318df36b28" testId="606d2922-53f8-da9b-b98b-2c0b4ed67ca1" testName="Chinook.Repository.Integration.Tests.RepositoryTest.AddArtistAlbumTracksGenre(artistName: &quot;Absu&quot;, albumTitle: &quot;Tara&quot;, genreName: &quot;Black Metal&quot;, tracks: [Track { MediaTypeId = 1, Milliseconds = 116000, Name = &quot;Tara&quot;, Size = null, UnitPrice = &quot;0.99&quot; }, Track { MediaTypeId = 1, Milliseconds = 261000, Name = &quot;Pillars of Mercy&quot;, Size = null, UnitPrice = &quot;0.99&quot; }, Track { MediaTypeId = 1, Milliseconds = 202000, Name = &quot;A Shield with an Iron Face&quot;, Size = null, UnitPrice = &quot;0.99&quot; }, Track { MediaTypeId = 1, Milliseconds = 399000, Name = &quot;Manannán&quot;, Size = null, UnitPrice = &quot;0.99&quot; }, Track { MediaTypeId = 1, Milliseconds = 259000, Name = &quot;The Cognate House of Courtly Witches Lies West of &quot;..., Size = null, UnitPrice = &quot;0.99&quot; }, ...])" computerName="PC-24745" duration="00:00:00.0350000" startTime="2020-04-17T22:02:24.5508121+02:00" endTime="2020-04-17T22:02:24.5508122+02:00" testType="13cdc9d9-ddb5-4fa4-a97d-d965ccfc6d4b" outcome="Passed" testListId="8c84fa94-04c1-424b-9868-57a2d4851a1d" relativeResultsDirectory="54eaa482-a115-4f94-8adb-ec318df36b28" />
    <UnitTestResult executionId="356a67a6-44e8-4ab9-9984-3d2f3acbe5c8" testId="de6e113e-7fed-9153-7c32-9f6599debc29" testName="Chinook.Repository.Integration.Tests.IReadonlyRepositoryFromReadonlyRepositoryTest.All(expected: [&quot;Iron Maiden&quot;, &quot;Led Zeppelin&quot;, &quot;Deep Purple&quot;])" computerName="PC-24745" duration="00:00:00.0170000" startTime="2020-04-17T22:02:41.1379726+02:00" endTime="2020-04-17T22:02:41.1379730+02:00" testType="13cdc9d9-ddb5-4fa4-a97d-d965ccfc6d4b" outcome="Passed" testListId="8c84fa94-04c1-424b-9868-57a2d4851a1d" relativeResultsDirectory="356a67a6-44e8-4ab9-9984-3d2f3acbe5c8" />
    <UnitTestResult executionId="883f02d8-a7ab-450e-9353-e6484eb173f7" testId="606d2922-53f8-da9b-b98b-2c0b4ed67ca1" testName="Chinook.Repository.Integration.Tests.RepositoryTest.AddArtistAlbumTracksGenre(artistName: &quot;K3&quot;, albumTitle: &quot;De Wereld Rond&quot;, genreName: &quot;Pop&quot;, tracks: [Track { MediaTypeId = 1, Milliseconds = 214000, Name = &quot;Liefdeskapitein&quot;, Size = null, UnitPrice = &quot;0.99&quot; }, Track { MediaTypeId = 1, Milliseconds = 215000, Name = &quot;Een ongelooflijk idee&quot;, Size = null, UnitPrice = &quot;0.99&quot; }, Track { MediaTypeId = 1, Milliseconds = 213000, Name = &quot;Dat ik van je hou&quot;, Size = null, UnitPrice = &quot;0.99&quot; }, Track { MediaTypeId = 1, Milliseconds = 192000, Name = &quot;Wij blijven vrienden&quot;, Size = null, UnitPrice = &quot;0.99&quot; }, Track { MediaTypeId = 1, Milliseconds = 225000, Name = &quot;Zou er iemand zijn op Mars&quot;, Size = null, UnitPrice = &quot;0.99&quot; }, ...])" computerName="PC-24745" duration="00:00:00.0190000" startTime="2020-04-17T22:02:24.5738256+02:00" endTime="2020-04-17T22:02:24.5738258+02:00" testType="13cdc9d9-ddb5-4fa4-a97d-d965ccfc6d4b" outcome="Passed" testListId="8c84fa94-04c1-424b-9868-57a2d4851a1d" relativeResultsDirectory="883f02d8-a7ab-450e-9353-e6484eb173f7" />
    <UnitTestResult executionId="e686ad3d-dff9-4316-9ccf-01f5bb9dc0c0" testId="35cac4c4-796c-def4-c24c-b2a90d84717e" testName="Chinook.Repository.Integration.Tests.ExtendedRepositoryTest.InvoicesByWeekday(dayOfWeek: Monday)" computerName="PC-24745" duration="00:00:00.0010000" startTime="2020-04-17T22:02:41.0901868+02:00" endTime="2020-04-17T22:02:41.0901869+02:00" testType="13cdc9d9-ddb5-4fa4-a97d-d965ccfc6d4b" outcome="Passed" testListId="8c84fa94-04c1-424b-9868-57a2d4851a1d" relativeResultsDirectory="e686ad3d-dff9-4316-9ccf-01f5bb9dc0c0" />
    <UnitTestResult executionId="bb5ac044-3f24-4216-b568-1875aea12e42" testId="0efae51d-beed-bbe2-8705-ebda2cea979f" testName="Chinook.Repository.Integration.Tests.IReadonlyRepositoryFromReadonlyRepositoryTest.GetWithFilter" computerName="PC-24745" duration="00:00:00.0060000" startTime="2020-04-17T22:02:41.1650687+02:00" endTime="2020-04-17T22:02:41.1650688+02:00" testType="13cdc9d9-ddb5-4fa4-a97d-d965ccfc6d4b" outcome="Passed" testListId="8c84fa94-04c1-424b-9868-57a2d4851a1d" relativeResultsDirectory="bb5ac044-3f24-4216-b568-1875aea12e42" />
    <UnitTestResult executionId="678bed53-1e44-4017-aae0-bf326366d3fe" testId="a5acf824-5f56-a5c5-5eab-0c68a1c4a3e5" testName="Chinook.Repository.Integration.Tests.IReadonlyRepositoryFromReadonlyRepositoryTest.GetWithNullFilterAndSortAndPaging(page: 1, pageSize: 10, expectedItemsInPage: 10)" computerName="PC-24745" duration="00:00:00.0030000" startTime="2020-04-17T22:02:41.1510290+02:00" endTime="2020-04-17T22:02:41.1510292+02:00" testType="13cdc9d9-ddb5-4fa4-a97d-d965ccfc6d4b" outcome="Passed" testListId="8c84fa94-04c1-424b-9868-57a2d4851a1d" relativeResultsDirectory="678bed53-1e44-4017-aae0-bf326366d3fe" />
    <UnitTestResult executionId="0abe00ac-25ce-478e-8445-8daa4e9c0b92" testId="24c9d817-f503-7b6c-8dac-d97b261afefa" testName="Chinook.Repository.Integration.Tests.IReadonlyRepositoryFromRepositoryTest.GetWithNullFilterAndSortAndPaging(page: 1, pageSize: 10, expectedTotal: 347, expectedAlbumTitles: [&quot;[1997] Black Light Syndrome&quot;, &quot;Zooropa&quot;, &quot;Worlds&quot;, &quot;Weill: The Seven Deadly Sins&quot;, &quot;Warner 25 Anos&quot;, ...])" computerName="PC-24745" duration="00:00:00.0010000" startTime="2020-04-17T22:02:41.1695446+02:00" endTime="2020-04-17T22:02:41.1695448+02:00" testType="13cdc9d9-ddb5-4fa4-a97d-d965ccfc6d4b" outcome="Passed" testListId="8c84fa94-04c1-424b-9868-57a2d4851a1d" relativeResultsDirectory="0abe00ac-25ce-478e-8445-8daa4e9c0b92" />
    <UnitTestResult executionId="9d59ccd7-9220-41b9-a8d7-8a82787e04aa" testId="eb8dbfb1-eead-5899-58ec-90ffeb263f48" testName="Chinook.Repository.Integration.Tests.ExtendedRepository.InvoicesByWeekdays(dayOfWeek1: Tuesday, dayOfWeek2: Wednesday)" computerName="PC-24745" duration="00:00:00.0010000" startTime="2020-04-17T22:02:41.0909090+02:00" endTime="2020-04-17T22:02:41.0909092+02:00" testType="13cdc9d9-ddb5-4fa4-a97d-d965ccfc6d4b" outcome="Passed" testListId="8c84fa94-04c1-424b-9868-57a2d4851a1d" relativeResultsDirectory="9d59ccd7-9220-41b9-a8d7-8a82787e04aa" />
    <UnitTestResult executionId="419c01f4-2014-4a72-9ff1-728d6201af41" testId="55a25132-cb71-e3c5-d1a8-b9318f7b05db" testName="Chinook.Repository.Integration.Tests.Repository.UpdateArtist(fromArtistName: &quot;Absu&quot;, toArtistName: &quot;Abzu&quot;)" computerName="PC-24745" duration="00:00:00.0100000" startTime="2020-04-17T22:02:24.6270427+02:00" endTime="2020-04-17T22:02:24.6270429+02:00" testType="13cdc9d9-ddb5-4fa4-a97d-d965ccfc6d4b" outcome="Passed" testListId="8c84fa94-04c1-424b-9868-57a2d4851a1d" relativeResultsDirectory="419c01f4-2014-4a72-9ff1-728d6201af41" />
    <UnitTestResult executionId="7ee40b9b-f065-40e4-a3d3-1c6022bf4fd8" testId="4a2bc5f3-13f8-cb98-691c-afe30fc4e40c" testName="Chinook.Repository.Integration.Tests.ReadonlyRepositoryTest.AllWithIncludes" computerName="PC-24745" duration="00:00:00.1920000" startTime="2020-04-17T22:02:41.2903733+02:00" endTime="2020-04-17T22:02:41.2903736+02:00" testType="13cdc9d9-ddb5-4fa4-a97d-d965ccfc6d4b" outcome="Passed" testListId="8c84fa94-04c1-424b-9868-57a2d4851a1d" relativeResultsDirectory="7ee40b9b-f065-40e4-a3d3-1c6022bf4fd8" />
    <UnitTestResult executionId="6278d4d8-3128-4e8c-88f7-e0217a00b91e" testId="4af41c55-18f2-4e17-50ed-05a07dae9d47" testName="Chinook.Repository.Integration.Tests.Repository.UpdateArtist(fromArtistName: &quot;Immortal&quot;, toArtistName: &quot;Mortal&quot;)" computerName="PC-24745" duration="00:00:00.0030000" startTime="2020-04-17T22:02:24.6304150+02:00" endTime="2020-04-17T22:02:24.6304152+02:00" testType="13cdc9d9-ddb5-4fa4-a97d-d965ccfc6d4b" outcome="Passed" testListId="8c84fa94-04c1-424b-9868-57a2d4851a1d" relativeResultsDirectory="6278d4d8-3128-4e8c-88f7-e0217a00b91e" />
  </Results>
  <TestDefinitions>
    <UnitTest name="Chinook.Repository.Integration.Tests.IReadonlyRepositoryFromRepositoryTest.GetWithFilterAndSort(artistStartsWith: &quot;A&quot;, expectedTotal: 27, expectedFirstAlbum: &quot;Worlds&quot;)" storage="d:\repos\dogguts\aeon\tests\repository.test.integration\bin\debug\netcoreapp2.1\chinook.repository.integration.tests.dll" id="9d8f11cf-8fcd-ff43-f416-9459ab08b0e1">
      <Execution id="66818114-72a6-4d13-8ecf-92d7f547c03f" />
      <TestMethod codeBase="D:\Repos\dogguts\aeon\tests\Repository.Test.Integration\bin\Debug\netcoreapp2.1\Chinook.Repository.Integration.Tests.dll" adapterTypeName="executor://xunit/VsTestRunner2/netcoreapp" className="Chinook.Repository.Integration.Tests.IReadonlyRepositoryFromRepositoryTest" name="GetWithFilterAndSort" />
    </UnitTest>
    <UnitTest name="Chinook.Repository.Integration.Tests.IReadonlyRepositoryFromRepositoryTest.GetWithFilterNullAndSortAndPaging(page: 1, pageSize: 10, expectedTotal: 347, expectedAlbumTitles: [&quot;[1997] Black Light Syndrome&quot;, &quot;Zooropa&quot;, &quot;Worlds&quot;, &quot;Weill: The Seven Deadly Sins&quot;, &quot;Warner 25 Anos&quot;, ...])" storage="d:\repos\dogguts\aeon\tests\repository.test.integration\bin\debug\netcoreapp2.1\chinook.repository.integration.tests.dll" id="fcea952d-40c0-3229-c764-974cd43230e4">
      <Execution id="4f6519ea-5b72-45ff-984d-74085f585218" />
      <TestMethod codeBase="D:\Repos\dogguts\aeon\tests\Repository.Test.Integration\bin\Debug\netcoreapp2.1\Chinook.Repository.Integration.Tests.dll" adapterTypeName="executor://xunit/VsTestRunner2/netcoreapp" className="Chinook.Repository.Integration.Tests.IReadonlyRepositoryFromRepositoryTest" name="GetWithFilterNullAndSortAndPaging" />
    </UnitTest>
    <UnitTest name="Chinook.Repository.Integration.Tests.ReadonlyRepositoryTest.GetWithFilterAndSort(artistStartsWith: &quot;I&quot;, expectedTotal: 23, expectedFirstAlbum: &quot;Virtual XI&quot;)" storage="d:\repos\dogguts\aeon\tests\repository.test.integration\bin\debug\netcoreapp2.1\chinook.repository.integration.tests.dll" id="3333a4dd-4aea-b8f1-e399-500cb0329b18">
      <Execution id="0620d9b0-0687-41ae-80f1-5ba5a494957d" />
      <TestMethod codeBase="D:\Repos\dogguts\aeon\tests\Repository.Test.Integration\bin\Debug\netcoreapp2.1\Chinook.Repository.Integration.Tests.dll" adapterTypeName="executor://xunit/VsTestRunner2/netcoreapp" className="Chinook.Repository.Integration.Tests.ReadonlyRepositoryTest" name="GetWithFilterAndSort" />
    </UnitTest>
    <UnitTest name="Chinook.Repository.Integration.Tests.IReadonlyRepositoryFromRepositoryTest.GetWithNullFilterAndSortAndPaging(page: 2, pageSize: 10, expectedTotal: 347, expectedAlbumTitles: [&quot;Voodoo Lounge&quot;, &quot;Volume Dois&quot;, &quot;Vivaldi: The Four Seasons&quot;, &quot;Virtual XI&quot;, &quot;Vinícius De Moraes - Sem Limite&quot;, ...])" storage="d:\repos\dogguts\aeon\tests\repository.test.integration\bin\debug\netcoreapp2.1\chinook.repository.integration.tests.dll" id="d55968c4-8524-c7e9-d618-6e90a9fd3252">
      <Execution id="d93c6954-fe59-4739-a508-0c3a8c1324b5" />
      <TestMethod codeBase="D:\Repos\dogguts\aeon\tests\Repository.Test.Integration\bin\Debug\netcoreapp2.1\Chinook.Repository.Integration.Tests.dll" adapterTypeName="executor://xunit/VsTestRunner2/netcoreapp" className="Chinook.Repository.Integration.Tests.IReadonlyRepositoryFromRepositoryTest" name="GetWithNullFilterAndSortAndPaging" />
    </UnitTest>
    <UnitTest name="Chinook.Repository.Integration.Tests.IReadonlyRepositoryFromReadonlyRepositoryTest.AllWithIncludes" storage="d:\repos\dogguts\aeon\tests\repository.test.integration\bin\debug\netcoreapp2.1\chinook.repository.integration.tests.dll" id="eee7a9e9-b843-bc3c-f7dd-5f23c4e4c21b">
      <Execution id="d2ac6f0f-293a-4645-b0b7-6642998258e0" />
      <TestMethod codeBase="D:\Repos\dogguts\aeon\tests\Repository.Test.Integration\bin\Debug\netcoreapp2.1\Chinook.Repository.Integration.Tests.dll" adapterTypeName="executor://xunit/VsTestRunner2/netcoreapp" className="Chinook.Repository.Integration.Tests.IReadonlyRepositoryFromReadonlyRepositoryTest" name="AllWithIncludes" />
    </UnitTest>
    <UnitTest name="Chinook.Repository.Integration.Tests.Repository.UpdateArtist(fromArtistName: &quot;Immortal&quot;, toArtistName: &quot;Mortal&quot;)" storage="d:\repos\dogguts\aeon\tests\repository.test.integration\bin\debug\netcoreapp2.1\chinook.repository.integration.tests.dll" id="4af41c55-18f2-4e17-50ed-05a07dae9d47">
      <Execution id="6278d4d8-3128-4e8c-88f7-e0217a00b91e" />
      <TestMethod codeBase="D:\Repos\dogguts\aeon\tests\Repository.Test.Integration\bin\Debug\netcoreapp2.1\Chinook.Repository.Integration.Tests.dll" adapterTypeName="executor://xunit/VsTestRunner2/netcoreapp" className="Chinook.Repository.Integration.Tests.Repository" name="UpdateArtist" />
    </UnitTest>
    <UnitTest name="Chinook.Repository.Integration.Tests.RepositoryTest.Get(id: 1, expectedArtistName: &quot;AC/DC&quot;)" storage="d:\repos\dogguts\aeon\tests\repository.test.integration\bin\debug\netcoreapp2.1\chinook.repository.integration.tests.dll" id="d44c369b-9e0e-ff72-d5ae-29676af1a1f6">
      <Execution id="a57eac27-fb65-4dbd-9384-f38b722c974d" />
      <TestMethod codeBase="D:\Repos\dogguts\aeon\tests\Repository.Test.Integration\bin\Debug\netcoreapp2.1\Chinook.Repository.Integration.Tests.dll" adapterTypeName="executor://xunit/VsTestRunner2/netcoreapp" className="Chinook.Repository.Integration.Tests.RepositoryTest" name="Get" />
    </UnitTest>
    <UnitTest name="Chinook.Repository.Integration.Tests.ReadonlyRepositoryTest.GetWithNullFilterAndSortAndPaging(page: 1, pageSize: 10, expectedTotal: 347, expectedAlbumTitles: [&quot;[1997] Black Light Syndrome&quot;, &quot;Zooropa&quot;, &quot;Worlds&quot;, &quot;Weill: The Seven Deadly Sins&quot;, &quot;Warner 25 Anos&quot;, ...])" storage="d:\repos\dogguts\aeon\tests\repository.test.integration\bin\debug\netcoreapp2.1\chinook.repository.integration.tests.dll" id="45e46e0e-b6c9-5f06-accd-29b24b9cfc99">
      <Execution id="2bb351a7-3fa0-44db-a242-2453c45b7614" />
      <TestMethod codeBase="D:\Repos\dogguts\aeon\tests\Repository.Test.Integration\bin\Debug\netcoreapp2.1\Chinook.Repository.Integration.Tests.dll" adapterTypeName="executor://xunit/VsTestRunner2/netcoreapp" className="Chinook.Repository.Integration.Tests.ReadonlyRepositoryTest" name="GetWithNullFilterAndSortAndPaging" />
    </UnitTest>
    <UnitTest name="Chinook.Repository.Integration.Tests.ExtendedRepositoryTest.InvoicesByWeekdays(dayOfWeek1: Tuesday, dayOfWeek2: Wednesday)" storage="d:\repos\dogguts\aeon\tests\repository.test.integration\bin\debug\netcoreapp2.1\chinook.repository.integration.tests.dll" id="6259b39d-45e2-c98c-5e5b-917db325b7c8">
      <Execution id="4e104cf8-f95d-4beb-be1e-a7ec31d728d9" />
      <TestMethod codeBase="D:\Repos\dogguts\aeon\tests\Repository.Test.Integration\bin\Debug\netcoreapp2.1\Chinook.Repository.Integration.Tests.dll" adapterTypeName="executor://xunit/VsTestRunner2/netcoreapp" className="Chinook.Repository.Integration.Tests.ExtendedRepositoryTest" name="InvoicesByWeekdays" />
    </UnitTest>
    <UnitTest name="Chinook.Repository.Integration.Tests.IReadonlyRepositoryFromReadonlyRepositoryTest.PagingIsOneBased(page: 0, pageSize: 10)" storage="d:\repos\dogguts\aeon\tests\repository.test.integration\bin\debug\netcoreapp2.1\chinook.repository.integration.tests.dll" id="fe4c1e87-3a8f-07e6-0118-b54bbd513b16">
      <Execution id="5f7783e6-778a-478d-8494-2bf8e7f737d3" />
      <TestMethod codeBase="D:\Repos\dogguts\aeon\tests\Repository.Test.Integration\bin\Debug\netcoreapp2.1\Chinook.Repository.Integration.Tests.dll" adapterTypeName="executor://xunit/VsTestRunner2/netcoreapp" className="Chinook.Repository.Integration.Tests.IReadonlyRepositoryFromReadonlyRepositoryTest" name="PagingIsOneBased" />
    </UnitTest>
    <UnitTest name="Chinook.Repository.Integration.Tests.ReadonlyRepositoryTest.GetWithFilterNullAndSortAndPaging(page: 400, pageSize: 10, expectedTotal: 347, expectedAlbumTitles: [])" storage="d:\repos\dogguts\aeon\tests\repository.test.integration\bin\debug\netcoreapp2.1\chinook.repository.integration.tests.dll" id="8fddc897-fd60-4b33-88a2-acc3f7664cb1">
      <Execution id="cd3f0c52-4161-4b8c-97cb-86a89acd0392" />
      <TestMethod codeBase="D:\Repos\dogguts\aeon\tests\Repository.Test.Integration\bin\Debug\netcoreapp2.1\Chinook.Repository.Integration.Tests.dll" adapterTypeName="executor://xunit/VsTestRunner2/netcoreapp" className="Chinook.Repository.Integration.Tests.ReadonlyRepositoryTest" name="GetWithFilterNullAndSortAndPaging" />
    </UnitTest>
    <UnitTest name="Chinook.Repository.Integration.Tests.IReadonlyRepositoryFromRepositoryTest.GetWithFilterNullAndSortAndPaging(page: 400, pageSize: 10, expectedTotal: 347, expectedAlbumTitles: [])" storage="d:\repos\dogguts\aeon\tests\repository.test.integration\bin\debug\netcoreapp2.1\chinook.repository.integration.tests.dll" id="20be8a23-aa49-94b2-019d-fc737b9b5250">
      <Execution id="cb101de3-3ca4-459d-8652-e76ae9ab8231" />
      <TestMethod codeBase="D:\Repos\dogguts\aeon\tests\Repository.Test.Integration\bin\Debug\netcoreapp2.1\Chinook.Repository.Integration.Tests.dll" adapterTypeName="executor://xunit/VsTestRunner2/netcoreapp" className="Chinook.Repository.Integration.Tests.IReadonlyRepositoryFromRepositoryTest" name="GetWithFilterNullAndSortAndPaging" />
    </UnitTest>
    <UnitTest name="Chinook.Repository.Integration.Tests.IReadonlyRepositoryFromReadonlyRepositoryTest.GetWithNullFilterAndSortAndPaging(page: 2, pageSize: 10, expectedItemsInPage: 10)" storage="d:\repos\dogguts\aeon\tests\repository.test.integration\bin\debug\netcoreapp2.1\chinook.repository.integration.tests.dll" id="eb5e7496-aa89-a057-98bc-4e2e4113fa20">
      <Execution id="56999401-05ca-4aa6-930b-9dbf5bc1a018" />
      <TestMethod codeBase="D:\Repos\dogguts\aeon\tests\Repository.Test.Integration\bin\Debug\netcoreapp2.1\Chinook.Repository.Integration.Tests.dll" adapterTypeName="executor://xunit/VsTestRunner2/netcoreapp" className="Chinook.Repository.Integration.Tests.IReadonlyRepositoryFromReadonlyRepositoryTest" name="GetWithNullFilterAndSortAndPaging" />
    </UnitTest>
    <UnitTest name="Chinook.Repository.Integration.Tests.IReadonlyRepositoryFromRepositoryTest.GetWithNullFilterAndSortAndPaging(page: 1, pageSize: 10, expectedTotal: 347, expectedAlbumTitles: [&quot;[1997] Black Light Syndrome&quot;, &quot;Zooropa&quot;, &quot;Worlds&quot;, &quot;Weill: The Seven Deadly Sins&quot;, &quot;Warner 25 Anos&quot;, ...])" storage="d:\repos\dogguts\aeon\tests\repository.test.integration\bin\debug\netcoreapp2.1\chinook.repository.integration.tests.dll" id="24c9d817-f503-7b6c-8dac-d97b261afefa">
      <Execution id="0abe00ac-25ce-478e-8445-8daa4e9c0b92" />
      <TestMethod codeBase="D:\Repos\dogguts\aeon\tests\Repository.Test.Integration\bin\Debug\netcoreapp2.1\Chinook.Repository.Integration.Tests.dll" adapterTypeName="executor://xunit/VsTestRunner2/netcoreapp" className="Chinook.Repository.Integration.Tests.IReadonlyRepositoryFromRepositoryTest" name="GetWithNullFilterAndSortAndPaging" />
    </UnitTest>
    <UnitTest name="Chinook.Repository.Integration.Tests.RepositoryTest.DeleteArtist(artistToDelete: &quot;AC/DC&quot;)" storage="d:\repos\dogguts\aeon\tests\repository.test.integration\bin\debug\netcoreapp2.1\chinook.repository.integration.tests.dll" id="a40d9642-5221-d0b0-387b-8a36822be710">
      <Execution id="9c9dcbbf-a8ed-497d-bd57-f124454f591c" />
      <TestMethod codeBase="D:\Repos\dogguts\aeon\tests\Repository.Test.Integration\bin\Debug\netcoreapp2.1\Chinook.Repository.Integration.Tests.dll" adapterTypeName="executor://xunit/VsTestRunner2/netcoreapp" className="Chinook.Repository.Integration.Tests.RepositoryTest" name="DeleteArtist" />
    </UnitTest>
    <UnitTest name="Chinook.Repository.Integration.Tests.IReadonlyRepositoryFromRepositoryTest.GetWithIncludes(id: 1, expectedGenreName: &quot;Rock&quot;)" storage="d:\repos\dogguts\aeon\tests\repository.test.integration\bin\debug\netcoreapp2.1\chinook.repository.integration.tests.dll" id="070b54de-2cb4-632d-3953-02082a6ef1b4">
      <Execution id="f08f331a-2768-4b67-9e8c-a417f2c7cdb2" />
      <TestMethod codeBase="D:\Repos\dogguts\aeon\tests\Repository.Test.Integration\bin\Debug\netcoreapp2.1\Chinook.Repository.Integration.Tests.dll" adapterTypeName="executor://xunit/VsTestRunner2/netcoreapp" className="Chinook.Repository.Integration.Tests.IReadonlyRepositoryFromRepositoryTest" name="GetWithIncludes" />
    </UnitTest>
    <UnitTest name="Chinook.Repository.Integration.Tests.IReadonlyRepositoryFromReadonlyRepositoryTest.GetWithFilterAndSort(artistStartsWith: &quot;A&quot;, expectedTotalRecords: 21, expectedFirstArtist: &quot;Audioslave&quot;, expectedTotalAlbums: 3)" storage="d:\repos\dogguts\aeon\tests\repository.test.integration\bin\debug\netcoreapp2.1\chinook.repository.integration.tests.dll" id="9686d33d-5684-6a09-7105-9909e9f536f5">
      <Execution id="37ff9a54-fd0c-4935-a998-9b3e36a0bb30" />
      <TestMethod codeBase="D:\Repos\dogguts\aeon\tests\Repository.Test.Integration\bin\Debug\netcoreapp2.1\Chinook.Repository.Integration.Tests.dll" adapterTypeName="executor://xunit/VsTestRunner2/netcoreapp" className="Chinook.Repository.Integration.Tests.IReadonlyRepositoryFromReadonlyRepositoryTest" name="GetWithFilterAndSort" />
    </UnitTest>
    <UnitTest name="Chinook.Repository.Integration.Tests.ReadonlyRepositoryTest.GetWithNullFilter" storage="d:\repos\dogguts\aeon\tests\repository.test.integration\bin\debug\netcoreapp2.1\chinook.repository.integration.tests.dll" id="c3ec0a9a-98ab-8a3b-21f5-8a7ca66cf0ab">
      <Execution id="2c2d7607-cbca-4c87-ba01-b8460000e896" />
      <TestMethod codeBase="D:\Repos\dogguts\aeon\tests\Repository.Test.Integration\bin\Debug\netcoreapp2.1\Chinook.Repository.Integration.Tests.dll" adapterTypeName="executor://xunit/VsTestRunner2/netcoreapp" className="Chinook.Repository.Integration.Tests.ReadonlyRepositoryTest" name="GetWithNullFilter" />
    </UnitTest>
    <UnitTest name="Chinook.Repository.Integration.Tests.IReadonlyRepositoryFromRepositoryTest.Get(id: 1, expectedArtistName: &quot;AC/DC&quot;)" storage="d:\repos\dogguts\aeon\tests\repository.test.integration\bin\debug\netcoreapp2.1\chinook.repository.integration.tests.dll" id="b17e41a8-df62-156e-4a9c-75c29af73c2a">
      <Execution id="c8a80b5b-b203-4ab8-a3da-fd99f52089b2" />
      <TestMethod codeBase="D:\Repos\dogguts\aeon\tests\Repository.Test.Integration\bin\Debug\netcoreapp2.1\Chinook.Repository.Integration.Tests.dll" adapterTypeName="executor://xunit/VsTestRunner2/netcoreapp" className="Chinook.Repository.Integration.Tests.IReadonlyRepositoryFromRepositoryTest" name="Get" />
    </UnitTest>
    <UnitTest name="Chinook.Repository.Integration.Tests.ExtendedRepositoryTest.InvoicesByWeekday(dayOfWeek: Monday)" storage="d:\repos\dogguts\aeon\tests\repository.test.integration\bin\debug\netcoreapp2.1\chinook.repository.integration.tests.dll" id="35cac4c4-796c-def4-c24c-b2a90d84717e">
      <Execution id="e686ad3d-dff9-4316-9ccf-01f5bb9dc0c0" />
      <TestMethod codeBase="D:\Repos\dogguts\aeon\tests\Repository.Test.Integration\bin\Debug\netcoreapp2.1\Chinook.Repository.Integration.Tests.dll" adapterTypeName="executor://xunit/VsTestRunner2/netcoreapp" className="Chinook.Repository.Integration.Tests.ExtendedRepositoryTest" name="InvoicesByWeekday" />
    </UnitTest>
    <UnitTest name="Chinook.Repository.Integration.Tests.ReadonlyRepositoryTest.GetWithFilterNullAndSortAndPaging(page: 1, pageSize: 10, expectedTotal: 347, expectedAlbumTitles: [&quot;[1997] Black Light Syndrome&quot;, &quot;Zooropa&quot;, &quot;Worlds&quot;, &quot;Weill: The Seven Deadly Sins&quot;, &quot;Warner 25 Anos&quot;, ...])" storage="d:\repos\dogguts\aeon\tests\repository.test.integration\bin\debug\netcoreapp2.1\chinook.repository.integration.tests.dll" id="af81a47d-aabe-ec26-760c-48ade6354b84">
      <Execution id="6c81ae2a-bb60-43ce-8e86-d68268af2fcb" />
      <TestMethod codeBase="D:\Repos\dogguts\aeon\tests\Repository.Test.Integration\bin\Debug\netcoreapp2.1\Chinook.Repository.Integration.Tests.dll" adapterTypeName="executor://xunit/VsTestRunner2/netcoreapp" className="Chinook.Repository.Integration.Tests.ReadonlyRepositoryTest" name="GetWithFilterNullAndSortAndPaging" />
    </UnitTest>
    <UnitTest name="Chinook.Repository.Integration.Tests.Remedies.TestRemedy4.Get(id: 3, expectedMediaType: &quot;FLAC&quot;)" storage="d:\repos\dogguts\aeon\tests\repository.test.integration\bin\debug\netcoreapp2.1\chinook.repository.integration.tests.dll" id="141cc597-28e5-0a56-301c-0f095f0fe084">
      <Execution id="42bf1a7e-7f87-4654-a84e-8d4e31d2ddae" />
      <TestMethod codeBase="D:\Repos\dogguts\aeon\tests\Repository.Test.Integration\bin\Debug\netcoreapp2.1\Chinook.Repository.Integration.Tests.dll" adapterTypeName="executor://xunit/VsTestRunner2/netcoreapp" className="Chinook.Repository.Integration.Tests.Remedies.TestRemedy4" name="Get" />
    </UnitTest>
    <UnitTest name="Chinook.Repository.Integration.Tests.RepositoryTest.UpdateArtist(fromArtistName: &quot;Absu&quot;, toArtistName: &quot;Abzu&quot;)" storage="d:\repos\dogguts\aeon\tests\repository.test.integration\bin\debug\netcoreapp2.1\chinook.repository.integration.tests.dll" id="f214520f-1740-6774-a8e0-815dbeb8358e">
      <Execution id="8b003050-3683-4318-8d10-253887f42139" />
      <TestMethod codeBase="D:\Repos\dogguts\aeon\tests\Repository.Test.Integration\bin\Debug\netcoreapp2.1\Chinook.Repository.Integration.Tests.dll" adapterTypeName="executor://xunit/VsTestRunner2/netcoreapp" className="Chinook.Repository.Integration.Tests.RepositoryTest" name="UpdateArtist" />
    </UnitTest>
    <UnitTest name="Chinook.Repository.Integration.Tests.IReadonlyRepositoryFromRepositoryTest.GetWithFilterAndSort(artistStartsWith: &quot;I&quot;, expectedTotal: 23, expectedFirstAlbum: &quot;Virtual XI&quot;)" storage="d:\repos\dogguts\aeon\tests\repository.test.integration\bin\debug\netcoreapp2.1\chinook.repository.integration.tests.dll" id="88f8248f-fb58-85f7-a3e8-2dc7aa83fea2">
      <Execution id="3246150c-dd39-4369-a2e1-8557c36d2271" />
      <TestMethod codeBase="D:\Repos\dogguts\aeon\tests\Repository.Test.Integration\bin\Debug\netcoreapp2.1\Chinook.Repository.Integration.Tests.dll" adapterTypeName="executor://xunit/VsTestRunner2/netcoreapp" className="Chinook.Repository.Integration.Tests.IReadonlyRepositoryFromRepositoryTest" name="GetWithFilterAndSort" />
    </UnitTest>
    <UnitTest name="Chinook.Repository.Integration.Tests.ReadonlyRepositoryTest.GetWithIncludes(id: 1, expectedGenreName: &quot;Rock&quot;)" storage="d:\repos\dogguts\aeon\tests\repository.test.integration\bin\debug\netcoreapp2.1\chinook.repository.integration.tests.dll" id="f2171815-cd65-5b94-472c-dbb0d032864b">
      <Execution id="feba227a-cfa5-4b80-80e8-d4ef26ce7d63" />
      <TestMethod codeBase="D:\Repos\dogguts\aeon\tests\Repository.Test.Integration\bin\Debug\netcoreapp2.1\Chinook.Repository.Integration.Tests.dll" adapterTypeName="executor://xunit/VsTestRunner2/netcoreapp" className="Chinook.Repository.Integration.Tests.ReadonlyRepositoryTest" name="GetWithIncludes" />
    </UnitTest>
    <UnitTest name="Chinook.Repository.Integration.Tests.IReadonlyRepositoryFromReadonlyRepositoryTest.GetWithFilter" storage="d:\repos\dogguts\aeon\tests\repository.test.integration\bin\debug\netcoreapp2.1\chinook.repository.integration.tests.dll" id="0efae51d-beed-bbe2-8705-ebda2cea979f">
      <Execution id="bb5ac044-3f24-4216-b568-1875aea12e42" />
      <TestMethod codeBase="D:\Repos\dogguts\aeon\tests\Repository.Test.Integration\bin\Debug\netcoreapp2.1\Chinook.Repository.Integration.Tests.dll" adapterTypeName="executor://xunit/VsTestRunner2/netcoreapp" className="Chinook.Repository.Integration.Tests.IReadonlyRepositoryFromReadonlyRepositoryTest" name="GetWithFilter" />
    </UnitTest>
    <UnitTest name="Chinook.Repository.Integration.Tests.Repository.UpdateArtist(fromArtistName: &quot;Absu&quot;, toArtistName: &quot;Abzu&quot;)" storage="d:\repos\dogguts\aeon\tests\repository.test.integration\bin\debug\netcoreapp2.1\chinook.repository.integration.tests.dll" id="55a25132-cb71-e3c5-d1a8-b9318f7b05db">
      <Execution id="419c01f4-2014-4a72-9ff1-728d6201af41" />
      <TestMethod codeBase="D:\Repos\dogguts\aeon\tests\Repository.Test.Integration\bin\Debug\netcoreapp2.1\Chinook.Repository.Integration.Tests.dll" adapterTypeName="executor://xunit/VsTestRunner2/netcoreapp" className="Chinook.Repository.Integration.Tests.Repository" name="UpdateArtist" />
    </UnitTest>
    <UnitTest name="Chinook.Repository.Integration.Tests.IReadonlyRepositoryFromReadonlyRepositoryTest.GetWithNullFilter" storage="d:\repos\dogguts\aeon\tests\repository.test.integration\bin\debug\netcoreapp2.1\chinook.repository.integration.tests.dll" id="bb894556-5beb-3fb3-1dfa-6a427a6aed94">
      <Execution id="d9b3e019-4295-4277-bd5a-d3dce495ac6b" />
      <TestMethod codeBase="D:\Repos\dogguts\aeon\tests\Repository.Test.Integration\bin\Debug\netcoreapp2.1\Chinook.Repository.Integration.Tests.dll" adapterTypeName="executor://xunit/VsTestRunner2/netcoreapp" className="Chinook.Repository.Integration.Tests.IReadonlyRepositoryFromReadonlyRepositoryTest" name="GetWithNullFilter" />
    </UnitTest>
    <UnitTest name="Chinook.Repository.Integration.Tests.ReadonlyRepositoryTest.Get(id: 1, expectedArtistName: &quot;AC/DC&quot;)" storage="d:\repos\dogguts\aeon\tests\repository.test.integration\bin\debug\netcoreapp2.1\chinook.repository.integration.tests.dll" id="88d0d8a6-e75b-ce3e-834f-0e14eb24b996">
      <Execution id="bef5b28e-162a-40b1-839e-6da97d4bc970" />
      <TestMethod codeBase="D:\Repos\dogguts\aeon\tests\Repository.Test.Integration\bin\Debug\netcoreapp2.1\Chinook.Repository.Integration.Tests.dll" adapterTypeName="executor://xunit/VsTestRunner2/netcoreapp" className="Chinook.Repository.Integration.Tests.ReadonlyRepositoryTest" name="Get" />
    </UnitTest>
    <UnitTest name="Chinook.Repository.Integration.Tests.Remedies.TestRemedy4.Get(id: 4, expectedMediaType: &quot;OPUS&quot;)" storage="d:\repos\dogguts\aeon\tests\repository.test.integration\bin\debug\netcoreapp2.1\chinook.repository.integration.tests.dll" id="6b94c398-2723-8a5e-2b96-da876d1518db">
      <Execution id="7cbe3e0c-c1e1-4296-bcc5-870fc0e01d21" />
      <TestMethod codeBase="D:\Repos\dogguts\aeon\tests\Repository.Test.Integration\bin\Debug\netcoreapp2.1\Chinook.Repository.Integration.Tests.dll" adapterTypeName="executor://xunit/VsTestRunner2/netcoreapp" className="Chinook.Repository.Integration.Tests.Remedies.TestRemedy4" name="Get" />
    </UnitTest>
    <UnitTest name="Chinook.Repository.Integration.Tests.ReadonlyRepositoryTest.All(expected: [&quot;MPEG audio file&quot;, &quot;Protected AAC audio file&quot;, &quot;Protected MPEG-4 video file&quot;, &quot;Purchased AAC audio file&quot;, &quot;AAC audio file&quot;])" storage="d:\repos\dogguts\aeon\tests\repository.test.integration\bin\debug\netcoreapp2.1\chinook.repository.integration.tests.dll" id="0a312680-dbf8-1daa-239b-d798a3ebc0e1">
      <Execution id="5b6343a3-3f4c-421b-8dad-b2b4922647cd" />
      <TestMethod codeBase="D:\Repos\dogguts\aeon\tests\Repository.Test.Integration\bin\Debug\netcoreapp2.1\Chinook.Repository.Integration.Tests.dll" adapterTypeName="executor://xunit/VsTestRunner2/netcoreapp" className="Chinook.Repository.Integration.Tests.ReadonlyRepositoryTest" name="All" />
    </UnitTest>
    <UnitTest name="Chinook.Repository.Integration.Tests.Repository.AddArtistAlbumTracksGenre" storage="d:\repos\dogguts\aeon\tests\repository.test.integration\bin\debug\netcoreapp2.1\chinook.repository.integration.tests.dll" id="a293574d-5313-773c-cff5-0981c009b208">
      <Execution id="82b26c1f-f439-4782-93b0-2e5817fb1014" />
      <TestMethod codeBase="D:\Repos\dogguts\aeon\tests\Repository.Test.Integration\bin\Debug\netcoreapp2.1\Chinook.Repository.Integration.Tests.dll" adapterTypeName="executor://xunit/VsTestRunner2/netcoreapp" className="Chinook.Repository.Integration.Tests.Repository" name="AddArtistAlbumTracksGenre" />
    </UnitTest>
    <UnitTest name="Chinook.Repository.Integration.Tests.ExtendedRepository.InvoicesByWeekday(dayOfWeek: Friday)" storage="d:\repos\dogguts\aeon\tests\repository.test.integration\bin\debug\netcoreapp2.1\chinook.repository.integration.tests.dll" id="37d36b47-d1fd-053f-2985-6f5a748a440a">
      <Execution id="64271e33-e709-41f9-94e2-a028e1c58cc9" />
      <TestMethod codeBase="D:\Repos\dogguts\aeon\tests\Repository.Test.Integration\bin\Debug\netcoreapp2.1\Chinook.Repository.Integration.Tests.dll" adapterTypeName="executor://xunit/VsTestRunner2/netcoreapp" className="Chinook.Repository.Integration.Tests.ExtendedRepository" name="InvoicesByWeekday" />
    </UnitTest>
    <UnitTest name="Chinook.Repository.Integration.Tests.IReadonlyRepositoryFromReadonlyRepositoryTest.GetWithNullFilterAndSortAndPaging(page: 400, pageSize: 10, expectedItemsInPage: 0)" storage="d:\repos\dogguts\aeon\tests\repository.test.integration\bin\debug\netcoreapp2.1\chinook.repository.integration.tests.dll" id="bbedcddc-c188-436f-3a26-350aa86619b9">
      <Execution id="b28800f9-8b31-4126-941d-027bd956fc71" />
      <TestMethod codeBase="D:\Repos\dogguts\aeon\tests\Repository.Test.Integration\bin\Debug\netcoreapp2.1\Chinook.Repository.Integration.Tests.dll" adapterTypeName="executor://xunit/VsTestRunner2/netcoreapp" className="Chinook.Repository.Integration.Tests.IReadonlyRepositoryFromReadonlyRepositoryTest" name="GetWithNullFilterAndSortAndPaging" />
    </UnitTest>
    <UnitTest name="Chinook.Repository.Integration.Tests.Remedies.TestRemedy4.Get(id: 5, expectedMediaType: &quot;VOC&quot;)" storage="d:\repos\dogguts\aeon\tests\repository.test.integration\bin\debug\netcoreapp2.1\chinook.repository.integration.tests.dll" id="3a7a8d94-368e-4111-9444-d83cc542d7d3">
      <Execution id="a0ea1a90-44a7-4711-96ad-d8cf612a95b2" />
      <TestMethod codeBase="D:\Repos\dogguts\aeon\tests\Repository.Test.Integration\bin\Debug\netcoreapp2.1\Chinook.Repository.Integration.Tests.dll" adapterTypeName="executor://xunit/VsTestRunner2/netcoreapp" className="Chinook.Repository.Integration.Tests.Remedies.TestRemedy4" name="Get" />
    </UnitTest>
    <UnitTest name="Chinook.Repository.Integration.Tests.IReadonlyRepositoryFromRepositoryTest.GetWithFilter(artistName: &quot;AC/DC&quot;, albumTitlePart: &quot;Those&quot;, expectedAlbumTitle: &quot;For Those About To Rock We Salute You&quot;)" storage="d:\repos\dogguts\aeon\tests\repository.test.integration\bin\debug\netcoreapp2.1\chinook.repository.integration.tests.dll" id="09dc2a63-ec0c-ce91-2eab-54212f945eac">
      <Execution id="d418c63a-bf0a-484e-80c9-7bffb6561d67" />
      <TestMethod codeBase="D:\Repos\dogguts\aeon\tests\Repository.Test.Integration\bin\Debug\netcoreapp2.1\Chinook.Repository.Integration.Tests.dll" adapterTypeName="executor://xunit/VsTestRunner2/netcoreapp" className="Chinook.Repository.Integration.Tests.IReadonlyRepositoryFromRepositoryTest" name="GetWithFilter" />
    </UnitTest>
    <UnitTest name="Chinook.Repository.Integration.Tests.IReadonlyRepositoryFromReadonlyRepositoryTest.GetWithFilterAndSort(artistStartsWith: &quot;S&quot;, expectedTotalRecords: 13, expectedFirstArtist: &quot;Santana&quot;, expectedTotalAlbums: 3)" storage="d:\repos\dogguts\aeon\tests\repository.test.integration\bin\debug\netcoreapp2.1\chinook.repository.integration.tests.dll" id="7774f150-5cfe-9e38-f9e9-ee6fb63b8f40">
      <Execution id="081c9e94-5895-4d3d-b66e-6b0e5a8b47f9" />
      <TestMethod codeBase="D:\Repos\dogguts\aeon\tests\Repository.Test.Integration\bin\Debug\netcoreapp2.1\Chinook.Repository.Integration.Tests.dll" adapterTypeName="executor://xunit/VsTestRunner2/netcoreapp" className="Chinook.Repository.Integration.Tests.IReadonlyRepositoryFromReadonlyRepositoryTest" name="GetWithFilterAndSort" />
    </UnitTest>
    <UnitTest name="Chinook.Repository.Integration.Tests.ReadonlyRepositoryTest.AllWithIncludes" storage="d:\repos\dogguts\aeon\tests\repository.test.integration\bin\debug\netcoreapp2.1\chinook.repository.integration.tests.dll" id="4a2bc5f3-13f8-cb98-691c-afe30fc4e40c">
      <Execution id="7ee40b9b-f065-40e4-a3d3-1c6022bf4fd8" />
      <TestMethod codeBase="D:\Repos\dogguts\aeon\tests\Repository.Test.Integration\bin\Debug\netcoreapp2.1\Chinook.Repository.Integration.Tests.dll" adapterTypeName="executor://xunit/VsTestRunner2/netcoreapp" className="Chinook.Repository.Integration.Tests.ReadonlyRepositoryTest" name="AllWithIncludes" />
    </UnitTest>
    <UnitTest name="Chinook.Repository.Integration.Tests.IReadonlyRepositoryFromRepositoryTest.GetWithNullFilterAndSortAndPaging(page: 400, pageSize: 10, expectedTotal: 347, expectedAlbumTitles: [])" storage="d:\repos\dogguts\aeon\tests\repository.test.integration\bin\debug\netcoreapp2.1\chinook.repository.integration.tests.dll" id="8d91f092-8220-9f28-3fc7-c17da9035965">
      <Execution id="8ccb8672-32ff-40db-8a47-586635936f80" />
      <TestMethod codeBase="D:\Repos\dogguts\aeon\tests\Repository.Test.Integration\bin\Debug\netcoreapp2.1\Chinook.Repository.Integration.Tests.dll" adapterTypeName="executor://xunit/VsTestRunner2/netcoreapp" className="Chinook.Repository.Integration.Tests.IReadonlyRepositoryFromRepositoryTest" name="GetWithNullFilterAndSortAndPaging" />
    </UnitTest>
    <UnitTest name="Chinook.Repository.Integration.Tests.RepositoryTest.AddArtistAlbumTracksGenre" storage="d:\repos\dogguts\aeon\tests\repository.test.integration\bin\debug\netcoreapp2.1\chinook.repository.integration.tests.dll" id="606d2922-53f8-da9b-b98b-2c0b4ed67ca1">
      <Execution id="81b532b8-b3e9-440b-ab89-21a6b615900a" />
      <TestMethod codeBase="D:\Repos\dogguts\aeon\tests\Repository.Test.Integration\bin\Debug\netcoreapp2.1\Chinook.Repository.Integration.Tests.dll" adapterTypeName="executor://xunit/VsTestRunner2/netcoreapp" className="Chinook.Repository.Integration.Tests.RepositoryTest" name="AddArtistAlbumTracksGenre" />
    </UnitTest>
    <UnitTest name="Chinook.Repository.Integration.Tests.ReadonlyRepositoryTest.GetWithFilterAndSort(artistStartsWith: &quot;A&quot;, expectedTotal: 27, expectedFirstAlbum: &quot;Worlds&quot;)" storage="d:\repos\dogguts\aeon\tests\repository.test.integration\bin\debug\netcoreapp2.1\chinook.repository.integration.tests.dll" id="d8732610-197b-77b5-8217-7049d81b3d25">
      <Execution id="b67653ba-3c5f-45fe-8b36-24f52c47dac4" />
      <TestMethod codeBase="D:\Repos\dogguts\aeon\tests\Repository.Test.Integration\bin\Debug\netcoreapp2.1\Chinook.Repository.Integration.Tests.dll" adapterTypeName="executor://xunit/VsTestRunner2/netcoreapp" className="Chinook.Repository.Integration.Tests.ReadonlyRepositoryTest" name="GetWithFilterAndSort" />
    </UnitTest>
    <UnitTest name="Chinook.Repository.Integration.Tests.ReadonlyRepositoryTest.GetWithFilterNull" storage="d:\repos\dogguts\aeon\tests\repository.test.integration\bin\debug\netcoreapp2.1\chinook.repository.integration.tests.dll" id="bf94b776-abbc-797a-decf-8f900fd967ad">
      <Execution id="ad972bb6-6798-4d59-92b4-ff537f804a73" />
      <TestMethod codeBase="D:\Repos\dogguts\aeon\tests\Repository.Test.Integration\bin\Debug\netcoreapp2.1\Chinook.Repository.Integration.Tests.dll" adapterTypeName="executor://xunit/VsTestRunner2/netcoreapp" className="Chinook.Repository.Integration.Tests.ReadonlyRepositoryTest" name="GetWithFilterNull" />
    </UnitTest>
    <UnitTest name="Chinook.Repository.Integration.Tests.IReadonlyRepositoryFromRepositoryTest.All(expected: [&quot;MPEG audio file&quot;, &quot;Protected AAC audio file&quot;, &quot;Protected MPEG-4 video file&quot;, &quot;Purchased AAC audio file&quot;, &quot;AAC audio file&quot;])" storage="d:\repos\dogguts\aeon\tests\repository.test.integration\bin\debug\netcoreapp2.1\chinook.repository.integration.tests.dll" id="052dcd78-2ffe-21be-a37e-5ca5ed166a0b">
      <Execution id="911d34ca-810e-4c4a-b8e7-bea6d1f6f7a1" />
      <TestMethod codeBase="D:\Repos\dogguts\aeon\tests\Repository.Test.Integration\bin\Debug\netcoreapp2.1\Chinook.Repository.Integration.Tests.dll" adapterTypeName="executor://xunit/VsTestRunner2/netcoreapp" className="Chinook.Repository.Integration.Tests.IReadonlyRepositoryFromRepositoryTest" name="All" />
    </UnitTest>
    <UnitTest name="Chinook.Repository.Integration.Tests.IReadonlyRepositoryFromRepositoryTest.GetWithNullFilter" storage="d:\repos\dogguts\aeon\tests\repository.test.integration\bin\debug\netcoreapp2.1\chinook.repository.integration.tests.dll" id="fb4418cc-0369-f023-ae37-754a92df5356">
      <Execution id="bd97f8fb-b3bd-4be4-b84b-e345db455094" />
      <TestMethod codeBase="D:\Repos\dogguts\aeon\tests\Repository.Test.Integration\bin\Debug\netcoreapp2.1\Chinook.Repository.Integration.Tests.dll" adapterTypeName="executor://xunit/VsTestRunner2/netcoreapp" className="Chinook.Repository.Integration.Tests.IReadonlyRepositoryFromRepositoryTest" name="GetWithNullFilter" />
    </UnitTest>
    <UnitTest name="Chinook.Repository.Integration.Tests.ReadonlyRepositoryTest.GetWithFilterNullAndSortAndPaging(page: 2, pageSize: 10, expectedTotal: 347, expectedAlbumTitles: [&quot;Voodoo Lounge&quot;, &quot;Volume Dois&quot;, &quot;Vivaldi: The Four Seasons&quot;, &quot;Virtual XI&quot;, &quot;Vinícius De Moraes - Sem Limite&quot;, ...])" storage="d:\repos\dogguts\aeon\tests\repository.test.integration\bin\debug\netcoreapp2.1\chinook.repository.integration.tests.dll" id="ef217c55-4d91-b8c3-4f14-6ad92075e33f">
      <Execution id="0aa3833a-15ab-499b-83bb-28a1163b8585" />
      <TestMethod codeBase="D:\Repos\dogguts\aeon\tests\Repository.Test.Integration\bin\Debug\netcoreapp2.1\Chinook.Repository.Integration.Tests.dll" adapterTypeName="executor://xunit/VsTestRunner2/netcoreapp" className="Chinook.Repository.Integration.Tests.ReadonlyRepositoryTest" name="GetWithFilterNullAndSortAndPaging" />
    </UnitTest>
    <UnitTest name="Chinook.Repository.Integration.Tests.Repository.DeleteArtist(artistToDelete: &quot;K3&quot;)" storage="d:\repos\dogguts\aeon\tests\repository.test.integration\bin\debug\netcoreapp2.1\chinook.repository.integration.tests.dll" id="470cb290-7b40-15dc-9627-dcc3c781cb6c">
      <Execution id="684fdecf-6b60-4583-afed-9467090b8f56" />
      <TestMethod codeBase="D:\Repos\dogguts\aeon\tests\Repository.Test.Integration\bin\Debug\netcoreapp2.1\Chinook.Repository.Integration.Tests.dll" adapterTypeName="executor://xunit/VsTestRunner2/netcoreapp" className="Chinook.Repository.Integration.Tests.Repository" name="DeleteArtist" />
    </UnitTest>
    <UnitTest name="Chinook.Repository.Integration.Tests.IReadonlyRepositoryFromReadonlyRepositoryTest.GetByPrimaryKeyThrowsException" storage="d:\repos\dogguts\aeon\tests\repository.test.integration\bin\debug\netcoreapp2.1\chinook.repository.integration.tests.dll" id="36ef8c2a-f113-291f-cf33-bc32a00c9686">
      <Execution id="e0fdcfe1-743d-4c6c-b885-26394df6b527" />
      <TestMethod codeBase="D:\Repos\dogguts\aeon\tests\Repository.Test.Integration\bin\Debug\netcoreapp2.1\Chinook.Repository.Integration.Tests.dll" adapterTypeName="executor://xunit/VsTestRunner2/netcoreapp" className="Chinook.Repository.Integration.Tests.IReadonlyRepositoryFromReadonlyRepositoryTest" name="GetByPrimaryKeyThrowsException" />
    </UnitTest>
[...]
      <Execution id="356a67a6-44e8-4ab9-9984-3d2f3acbe5c8" />
      <TestMethod codeBase="D:\Repos\dogguts\aeon\tests\Repository.Test.Integration\bin\Debug\netcoreapp2.1\Chinook.Repository.Integration.Tests.dll" adapterTypeName="executor://xunit/VsTestRunner2/netcoreapp" className="Chinook.Repository.Integration.Tests.IReadonlyRepositoryFromReadonlyRepositoryTest" name="All" />
    </UnitTest>
    <UnitTest name="Chinook.Repository.Integration.Tests.IReadonlyRepositoryFromRepositoryTest.GetWithFilterNullAndSortAndPaging(page: 2, pageSize: 10, expectedTotal: 347, expectedAlbumTitles: [&quot;Voodoo Lounge&quot;, &quot;Volume Dois&quot;, &quot;Vivaldi: The Four Seasons&quot;, &quot;Virtual XI&quot;, &quot;Vinícius De Moraes - Sem Limite&quot;, ...])" storage="d:\repos\dogguts\aeon\tests\repository.test.integration\bin\debug\netcoreapp2.1\chinook.repository.integration.tests.dll" id="030044b4-8910-5def-6dec-83ca94341202">
      <Execution id="2fd1e044-6958-4858-bd81-8a41d0a95295" />
      <TestMethod codeBase="D:\Repos\dogguts\aeon\tests\Repository.Test.Integration\bin\Debug\netcoreapp2.1\Chinook.Repository.Integration.Tests.dll" adapterTypeName="executor://xunit/VsTestRunner2/netcoreapp" className="Chinook.Repository.Integration.Tests.IReadonlyRepositoryFromRepositoryTest" name="GetWithFilterNullAndSortAndPaging" />
    </UnitTest>
    <UnitTest name="Chinook.Repository.Integration.Tests.ReadonlyRepositoryTest.GetWithNullFilterAndSortAndPaging(page: 400, pageSize: 10, expectedTotal: 347, expectedAlbumTitles: [])" storage="d:\repos\dogguts\aeon\tests\repository.test.integration\bin\debug\netcoreapp2.1\chinook.repository.integration.tests.dll" id="f1bfecf8-5a99-639a-5b1e-e97389355939">
      <Execution id="7460c3c9-14c4-4d99-b347-c21f87dc476b" />
      <TestMethod codeBase="D:\Repos\dogguts\aeon\tests\Repository.Test.Integration\bin\Debug\netcoreapp2.1\Chinook.Repository.Integration.Tests.dll" adapterTypeName="executor://xunit/VsTestRunner2/netcoreapp" className="Chinook.Repository.Integration.Tests.ReadonlyRepositoryTest" name="GetWithNullFilterAndSortAndPaging" />
    </UnitTest>
    <UnitTest name="Chinook.Repository.Integration.Tests.Remedies.TestRemedy4.Get(id: 1, expectedMediaType: &quot;MP3&quot;)" storage="d:\repos\dogguts\aeon\tests\repository.test.integration\bin\debug\netcoreapp2.1\chinook.repository.integration.tests.dll" id="c58c28b2-3678-38ae-649c-f862917084c8">
      <Execution id="696d3e79-2807-4e4f-a666-88d209028885" />
      <TestMethod codeBase="D:\Repos\dogguts\aeon\tests\Repository.Test.Integration\bin\Debug\netcoreapp2.1\Chinook.Repository.Integration.Tests.dll" adapterTypeName="executor://xunit/VsTestRunner2/netcoreapp" className="Chinook.Repository.Integration.Tests.Remedies.TestRemedy4" name="Get" />
    </UnitTest>
    <UnitTest name="Chinook.Repository.Integration.Tests.IReadonlyRepositoryFromRepositoryTest.AllWithIncludes" storage="d:\repos\dogguts\aeon\tests\repository.test.integration\bin\debug\netcoreapp2.1\chinook.repository.integration.tests.dll" id="93953863-c8cf-a189-d06c-fa285ebee53c">
      <Execution id="be75e468-a496-44ff-8403-61209015688c" />
      <TestMethod codeBase="D:\Repos\dogguts\aeon\tests\Repository.Test.Integration\bin\Debug\netcoreapp2.1\Chinook.Repository.Integration.Tests.dll" adapterTypeName="executor://xunit/VsTestRunner2/netcoreapp" className="Chinook.Repository.Integration.Tests.IReadonlyRepositoryFromRepositoryTest" name="AllWithIncludes" />
    </UnitTest>
    <UnitTest name="Chinook.Repository.Integration.Tests.ExtendedRepository.InvoicesByWeekdays(dayOfWeek1: Tuesday, dayOfWeek2: Wednesday)" storage="d:\repos\dogguts\aeon\tests\repository.test.integration\bin\debug\netcoreapp2.1\chinook.repository.integration.tests.dll" id="eb8dbfb1-eead-5899-58ec-90ffeb263f48">
      <Execution id="9d59ccd7-9220-41b9-a8d7-8a82787e04aa" />
      <TestMethod codeBase="D:\Repos\dogguts\aeon\tests\Repository.Test.Integration\bin\Debug\netcoreapp2.1\Chinook.Repository.Integration.Tests.dll" adapterTypeName="executor://xunit/VsTestRunner2/netcoreapp" className="Chinook.Repository.Integration.Tests.ExtendedRepository" name="InvoicesByWeekdays" />
    </UnitTest>
    <UnitTest name="Chinook.Repository.Integration.Tests.IReadonlyRepositoryFromReadonlyRepositoryTest.GetWithNullFilterAndSortAndPaging(page: 1, pageSize: 10, expectedItemsInPage: 10)" storage="d:\repos\dogguts\aeon\tests\repository.test.integration\bin\debug\netcoreapp2.1\chinook.repository.integration.tests.dll" id="a5acf824-5f56-a5c5-5eab-0c68a1c4a3e5">
      <Execution id="678bed53-1e44-4017-aae0-bf326366d3fe" />
      <TestMethod codeBase="D:\Repos\dogguts\aeon\tests\Repository.Test.Integration\bin\Debug\netcoreapp2.1\Chinook.Repository.Integration.Tests.dll" adapterTypeName="executor://xunit/VsTestRunner2/netcoreapp" className="Chinook.Repository.Integration.Tests.IReadonlyRepositoryFromReadonlyRepositoryTest" name="GetWithNullFilterAndSortAndPaging" />
    </UnitTest>
    <UnitTest name="Chinook.Repository.Integration.Tests.ReadonlyRepositoryTest.GetWithFilter(artistName: &quot;AC/DC&quot;, albumTitlePart: &quot;Those&quot;, expectedAlbumTitle: &quot;For Those About To Rock We Salute You&quot;)" storage="d:\repos\dogguts\aeon\tests\repository.test.integration\bin\debug\netcoreapp2.1\chinook.repository.integration.tests.dll" id="b89591c6-c390-ee3b-790f-eb318e5816b3">
      <Execution id="ed4a2261-8697-4178-812d-3eba0111b03d" />
      <TestMethod codeBase="D:\Repos\dogguts\aeon\tests\Repository.Test.Integration\bin\Debug\netcoreapp2.1\Chinook.Repository.Integration.Tests.dll" adapterTypeName="executor://xunit/VsTestRunner2/netcoreapp" className="Chinook.Repository.Integration.Tests.ReadonlyRepositoryTest" name="GetWithFilter" />
    </UnitTest>
    <UnitTest name="Chinook.Repository.Integration.Tests.ExtendedRepository.InvoicesByWeekday(dayOfWeek: Monday)" storage="d:\repos\dogguts\aeon\tests\repository.test.integration\bin\debug\netcoreapp2.1\chinook.repository.integration.tests.dll" id="33e76815-436d-5456-390c-76140e736608">
      <Execution id="d96eb5f9-17af-41a1-805b-37bc26febcdb" />
      <TestMethod codeBase="D:\Repos\dogguts\aeon\tests\Repository.Test.Integration\bin\Debug\netcoreapp2.1\Chinook.Repository.Integration.Tests.dll" adapterTypeName="executor://xunit/VsTestRunner2/netcoreapp" className="Chinook.Repository.Integration.Tests.ExtendedRepository" name="InvoicesByWeekday" />
    </UnitTest>
    <UnitTest name="Chinook.Repository.Integration.Tests.ReadonlyRepositoryTest.GetWithNullFilterAndSortAndPaging(page: 2, pageSize: 10, expectedTotal: 347, expectedAlbumTitles: [&quot;Voodoo Lounge&quot;, &quot;Volume Dois&quot;, &quot;Vivaldi: The Four Seasons&quot;, &quot;Virtual XI&quot;, &quot;Vinícius De Moraes - Sem Limite&quot;, ...])" storage="d:\repos\dogguts\aeon\tests\repository.test.integration\bin\debug\netcoreapp2.1\chinook.repository.integration.tests.dll" id="c64a33b3-ae59-aa0d-d229-d384e924b18d">
      <Execution id="e7cae9cd-06ef-4dbc-b646-b01bcb2ea115" />
      <TestMethod codeBase="D:\Repos\dogguts\aeon\tests\Repository.Test.Integration\bin\Debug\netcoreapp2.1\Chinook.Repository.Integration.Tests.dll" adapterTypeName="executor://xunit/VsTestRunner2/netcoreapp" className="Chinook.Repository.Integration.Tests.ReadonlyRepositoryTest" name="GetWithNullFilterAndSortAndPaging" />
    </UnitTest>
    <UnitTest name="Chinook.Repository.Integration.Tests.RepositoryTest.UpdateArtist(fromArtistName: &quot;Immortal&quot;, toArtistName: &quot;Mortal&quot;)" storage="d:\repos\dogguts\aeon\tests\repository.test.integration\bin\debug\netcoreapp2.1\chinook.repository.integration.tests.dll" id="d83e625f-428c-191c-b9cd-ee6662247c27">
      <Execution id="885c6098-e514-47b1-a2af-476f7f5d28d4" />
      <TestMethod codeBase="D:\Repos\dogguts\aeon\tests\Repository.Test.Integration\bin\Debug\netcoreapp2.1\Chinook.Repository.Integration.Tests.dll" adapterTypeName="executor://xunit/VsTestRunner2/netcoreapp" className="Chinook.Repository.Integration.Tests.RepositoryTest" name="UpdateArtist" />
    </UnitTest>
  </TestDefinitions>
  <TestEntries>
    <TestEntry testId="37d36b47-d1fd-053f-2985-6f5a748a440a" executionId="64271e33-e709-41f9-94e2-a028e1c58cc9" testListId="8c84fa94-04c1-424b-9868-57a2d4851a1d" />
    <TestEntry testId="b89591c6-c390-ee3b-790f-eb318e5816b3" executionId="ed4a2261-8697-4178-812d-3eba0111b03d" testListId="8c84fa94-04c1-424b-9868-57a2d4851a1d" />
    <TestEntry testId="6259b39d-45e2-c98c-5e5b-917db325b7c8" executionId="4e104cf8-f95d-4beb-be1e-a7ec31d728d9" testListId="8c84fa94-04c1-424b-9868-57a2d4851a1d" />
    <TestEntry testId="d8732610-197b-77b5-8217-7049d81b3d25" executionId="b67653ba-3c5f-45fe-8b36-24f52c47dac4" testListId="8c84fa94-04c1-424b-9868-57a2d4851a1d" />
    <TestEntry testId="c64a33b3-ae59-aa0d-d229-d384e924b18d" executionId="e7cae9cd-06ef-4dbc-b646-b01bcb2ea115" testListId="8c84fa94-04c1-424b-9868-57a2d4851a1d" />
    <TestEntry testId="bbedcddc-c188-436f-3a26-350aa86619b9" executionId="b28800f9-8b31-4126-941d-027bd956fc71" testListId="8c84fa94-04c1-424b-9868-57a2d4851a1d" />
    <TestEntry testId="09dc2a63-ec0c-ce91-2eab-54212f945eac" executionId="d418c63a-bf0a-484e-80c9-7bffb6561d67" testListId="8c84fa94-04c1-424b-9868-57a2d4851a1d" />
    <TestEntry testId="fb4418cc-0369-f023-ae37-754a92df5356" executionId="bd97f8fb-b3bd-4be4-b84b-e345db455094" testListId="8c84fa94-04c1-424b-9868-57a2d4851a1d" />
    <TestEntry testId="8d91f092-8220-9f28-3fc7-c17da9035965" executionId="8ccb8672-32ff-40db-8a47-586635936f80" testListId="8c84fa94-04c1-424b-9868-57a2d4851a1d" />
    <TestEntry testId="fcea952d-40c0-3229-c764-974cd43230e4" executionId="4f6519ea-5b72-45ff-984d-74085f585218" testListId="8c84fa94-04c1-424b-9868-57a2d4851a1d" />
    <TestEntry testId="c3ec0a9a-98ab-8a3b-21f5-8a7ca66cf0ab" executionId="2c2d7607-cbca-4c87-ba01-b8460000e896" testListId="8c84fa94-04c1-424b-9868-57a2d4851a1d" />
    <TestEntry testId="0a312680-dbf8-1daa-239b-d798a3ebc0e1" executionId="5b6343a3-3f4c-421b-8dad-b2b4922647cd" testListId="8c84fa94-04c1-424b-9868-57a2d4851a1d" />
    <TestEntry testId="bf94b776-abbc-797a-decf-8f900fd967ad" executionId="ad972bb6-6798-4d59-92b4-ff537f804a73" testListId="8c84fa94-04c1-424b-9868-57a2d4851a1d" />
    <TestEntry testId="8fddc897-fd60-4b33-88a2-acc3f7664cb1" executionId="cd3f0c52-4161-4b8c-97cb-86a89acd0392" testListId="8c84fa94-04c1-424b-9868-57a2d4851a1d" />
    <TestEntry testId="fe4c1e87-3a8f-07e6-0118-b54bbd513b16" executionId="5f7783e6-778a-478d-8494-2bf8e7f737d3" testListId="8c84fa94-04c1-424b-9868-57a2d4851a1d" />
    <TestEntry testId="20be8a23-aa49-94b2-019d-fc737b9b5250" executionId="cb101de3-3ca4-459d-8652-e76ae9ab8231" testListId="8c84fa94-04c1-424b-9868-57a2d4851a1d" />
    <TestEntry testId="c58c28b2-3678-38ae-649c-f862917084c8" executionId="696d3e79-2807-4e4f-a666-88d209028885" testListId="8c84fa94-04c1-424b-9868-57a2d4851a1d" />
    <TestEntry testId="030044b4-8910-5def-6dec-83ca94341202" executionId="2fd1e044-6958-4858-bd81-8a41d0a95295" testListId="8c84fa94-04c1-424b-9868-57a2d4851a1d" />
    <TestEntry testId="eb5e7496-aa89-a057-98bc-4e2e4113fa20" executionId="56999401-05ca-4aa6-930b-9dbf5bc1a018" testListId="8c84fa94-04c1-424b-9868-57a2d4851a1d" />
    <TestEntry testId="9d8f11cf-8fcd-ff43-f416-9459ab08b0e1" executionId="66818114-72a6-4d13-8ecf-92d7f547c03f" testListId="8c84fa94-04c1-424b-9868-57a2d4851a1d" />
    <TestEntry testId="a293574d-5313-773c-cff5-0981c009b208" executionId="49d65f9d-2a5d-4e5a-8d69-cea9ebfc85d3" testListId="8c84fa94-04c1-424b-9868-57a2d4851a1d" />
    <TestEntry testId="93953863-c8cf-a189-d06c-fa285ebee53c" executionId="be75e468-a496-44ff-8403-61209015688c" testListId="8c84fa94-04c1-424b-9868-57a2d4851a1d" />
    <TestEntry testId="6b94c398-2723-8a5e-2b96-da876d1518db" executionId="7cbe3e0c-c1e1-4296-bcc5-870fc0e01d21" testListId="8c84fa94-04c1-424b-9868-57a2d4851a1d" />
    <TestEntry testId="36ef8c2a-f113-291f-cf33-bc32a00c9686" executionId="e0fdcfe1-743d-4c6c-b885-26394df6b527" testListId="8c84fa94-04c1-424b-9868-57a2d4851a1d" />
    <TestEntry testId="141cc597-28e5-0a56-301c-0f095f0fe084" executionId="42bf1a7e-7f87-4654-a84e-8d4e31d2ddae" testListId="8c84fa94-04c1-424b-9868-57a2d4851a1d" />
    <TestEntry testId="a40d9642-5221-d0b0-387b-8a36822be710" executionId="9c9dcbbf-a8ed-497d-bd57-f124454f591c" testListId="8c84fa94-04c1-424b-9868-57a2d4851a1d" />
    <TestEntry testId="33e76815-436d-5456-390c-76140e736608" executionId="d96eb5f9-17af-41a1-805b-37bc26febcdb" testListId="8c84fa94-04c1-424b-9868-57a2d4851a1d" />
    <TestEntry testId="88d0d8a6-e75b-ce3e-834f-0e14eb24b996" executionId="bef5b28e-162a-40b1-839e-6da97d4bc970" testListId="8c84fa94-04c1-424b-9868-57a2d4851a1d" />
    <TestEntry testId="d83e625f-428c-191c-b9cd-ee6662247c27" executionId="885c6098-e514-47b1-a2af-476f7f5d28d4" testListId="8c84fa94-04c1-424b-9868-57a2d4851a1d" />
    <TestEntry testId="f2171815-cd65-5b94-472c-dbb0d032864b" executionId="feba227a-cfa5-4b80-80e8-d4ef26ce7d63" testListId="8c84fa94-04c1-424b-9868-57a2d4851a1d" />
    <TestEntry testId="3333a4dd-4aea-b8f1-e399-500cb0329b18" executionId="0620d9b0-0687-41ae-80f1-5ba5a494957d" testListId="8c84fa94-04c1-424b-9868-57a2d4851a1d" />
    <TestEntry testId="7774f150-5cfe-9e38-f9e9-ee6fb63b8f40" executionId="081c9e94-5895-4d3d-b66e-6b0e5a8b47f9" testListId="8c84fa94-04c1-424b-9868-57a2d4851a1d" />
    <TestEntry testId="052dcd78-2ffe-21be-a37e-5ca5ed166a0b" executionId="911d34ca-810e-4c4a-b8e7-bea6d1f6f7a1" testListId="8c84fa94-04c1-424b-9868-57a2d4851a1d" />
    <TestEntry testId="bb894556-5beb-3fb3-1dfa-6a427a6aed94" executionId="d9b3e019-4295-4277-bd5a-d3dce495ac6b" testListId="8c84fa94-04c1-424b-9868-57a2d4851a1d" />
    <TestEntry testId="a293574d-5313-773c-cff5-0981c009b208" executionId="854a3e2d-2cad-45a9-bd3a-9a59ffd2dcbb" testListId="8c84fa94-04c1-424b-9868-57a2d4851a1d" />
    <TestEntry testId="606d2922-53f8-da9b-b98b-2c0b4ed67ca1" executionId="81b532b8-b3e9-440b-ab89-21a6b615900a" testListId="8c84fa94-04c1-424b-9868-57a2d4851a1d" />
    <TestEntry testId="a293574d-5313-773c-cff5-0981c009b208" executionId="82b26c1f-f439-4782-93b0-2e5817fb1014" testListId="8c84fa94-04c1-424b-9868-57a2d4851a1d" />
    <TestEntry testId="d44c369b-9e0e-ff72-d5ae-29676af1a1f6" executionId="a57eac27-fb65-4dbd-9384-f38b722c974d" testListId="8c84fa94-04c1-424b-9868-57a2d4851a1d" />
    <TestEntry testId="b17e41a8-df62-156e-4a9c-75c29af73c2a" executionId="c8a80b5b-b203-4ab8-a3da-fd99f52089b2" testListId="8c84fa94-04c1-424b-9868-57a2d4851a1d" />
    <TestEntry testId="45e46e0e-b6c9-5f06-accd-29b24b9cfc99" executionId="2bb351a7-3fa0-44db-a242-2453c45b7614" testListId="8c84fa94-04c1-424b-9868-57a2d4851a1d" />
    <TestEntry testId="3a7a8d94-368e-4111-9444-d83cc542d7d3" executionId="a0ea1a90-44a7-4711-96ad-d8cf612a95b2" testListId="8c84fa94-04c1-424b-9868-57a2d4851a1d" />
    <TestEntry testId="835e21a7-ed94-fdca-3570-a4c8a363234b" executionId="bbce975a-294c-4106-b2fc-ce9f8907cd76" testListId="8c84fa94-04c1-424b-9868-57a2d4851a1d" />
    <TestEntry testId="f214520f-1740-6774-a8e0-815dbeb8358e" executionId="8b003050-3683-4318-8d10-253887f42139" testListId="8c84fa94-04c1-424b-9868-57a2d4851a1d" />
    <TestEntry testId="9686d33d-5684-6a09-7105-9909e9f536f5" executionId="37ff9a54-fd0c-4935-a998-9b3e36a0bb30" testListId="8c84fa94-04c1-424b-9868-57a2d4851a1d" />
    <TestEntry testId="d55968c4-8524-c7e9-d618-6e90a9fd3252" executionId="d93c6954-fe59-4739-a508-0c3a8c1324b5" testListId="8c84fa94-04c1-424b-9868-57a2d4851a1d" />
    <TestEntry testId="470cb290-7b40-15dc-9627-dcc3c781cb6c" executionId="684fdecf-6b60-4583-afed-9467090b8f56" testListId="8c84fa94-04c1-424b-9868-57a2d4851a1d" />
    <TestEntry testId="af81a47d-aabe-ec26-760c-48ade6354b84" executionId="6c81ae2a-bb60-43ce-8e86-d68268af2fcb" testListId="8c84fa94-04c1-424b-9868-57a2d4851a1d" />
    <TestEntry testId="070b54de-2cb4-632d-3953-02082a6ef1b4" executionId="f08f331a-2768-4b67-9e8c-a417f2c7cdb2" testListId="8c84fa94-04c1-424b-9868-57a2d4851a1d" />
    <TestEntry testId="88f8248f-fb58-85f7-a3e8-2dc7aa83fea2" executionId="3246150c-dd39-4369-a2e1-8557c36d2271" testListId="8c84fa94-04c1-424b-9868-57a2d4851a1d" />
    <TestEntry testId="eee7a9e9-b843-bc3c-f7dd-5f23c4e4c21b" executionId="d2ac6f0f-293a-4645-b0b7-6642998258e0" testListId="8c84fa94-04c1-424b-9868-57a2d4851a1d" />
    <TestEntry testId="750a2ae3-6d9a-81e2-0e54-1494bd9854e2" executionId="4a76087c-62d3-4ebf-b598-0f3c70167f25" testListId="8c84fa94-04c1-424b-9868-57a2d4851a1d" />
    <TestEntry testId="f1bfecf8-5a99-639a-5b1e-e97389355939" executionId="7460c3c9-14c4-4d99-b347-c21f87dc476b" testListId="8c84fa94-04c1-424b-9868-57a2d4851a1d" />
    <TestEntry testId="ef217c55-4d91-b8c3-4f14-6ad92075e33f" executionId="0aa3833a-15ab-499b-83bb-28a1163b8585" testListId="8c84fa94-04c1-424b-9868-57a2d4851a1d" />
    <TestEntry testId="606d2922-53f8-da9b-b98b-2c0b4ed67ca1" executionId="54eaa482-a115-4f94-8adb-ec318df36b28" testListId="8c84fa94-04c1-424b-9868-57a2d4851a1d" />
    <TestEntry testId="de6e113e-7fed-9153-7c32-9f6599debc29" executionId="356a67a6-44e8-4ab9-9984-3d2f3acbe5c8" testListId="8c84fa94-04c1-424b-9868-57a2d4851a1d" />
    <TestEntry testId="606d2922-53f8-da9b-b98b-2c0b4ed67ca1" executionId="883f02d8-a7ab-450e-9353-e6484eb173f7" testListId="8c84fa94-04c1-424b-9868-57a2d4851a1d" />
    <TestEntry testId="35cac4c4-796c-def4-c24c-b2a90d84717e" executionId="e686ad3d-dff9-4316-9ccf-01f5bb9dc0c0" testListId="8c84fa94-04c1-424b-9868-57a2d4851a1d" />
    <TestEntry testId="0efae51d-beed-bbe2-8705-ebda2cea979f" executionId="bb5ac044-3f24-4216-b568-1875aea12e42" testListId="8c84fa94-04c1-424b-9868-57a2d4851a1d" />
    <TestEntry testId="a5acf824-5f56-a5c5-5eab-0c68a1c4a3e5" executionId="678bed53-1e44-4017-aae0-bf326366d3fe" testListId="8c84fa94-04c1-424b-9868-57a2d4851a1d" />
    <TestEntry testId="24c9d817-f503-7b6c-8dac-d97b261afefa" executionId="0abe00ac-25ce-478e-8445-8daa4e9c0b92" testListId="8c84fa94-04c1-424b-9868-57a2d4851a1d" />
    <TestEntry testId="eb8dbfb1-eead-5899-58ec-90ffeb263f48" executionId="9d59ccd7-9220-41b9-a8d7-8a82787e04aa" testListId="8c84fa94-04c1-424b-9868-57a2d4851a1d" />
    <TestEntry testId="55a25132-cb71-e3c5-d1a8-b9318f7b05db" executionId="419c01f4-2014-4a72-9ff1-728d6201af41" testListId="8c84fa94-04c1-424b-9868-57a2d4851a1d" />
    <TestEntry testId="4a2bc5f3-13f8-cb98-691c-afe30fc4e40c" executionId="7ee40b9b-f065-40e4-a3d3-1c6022bf4fd8" testListId="8c84fa94-04c1-424b-9868-57a2d4851a1d" />
    <TestEntry testId="4af41c55-18f2-4e17-50ed-05a07dae9d47" executionId="6278d4d8-3128-4e8c-88f7-e0217a00b91e" testListId="8c84fa94-04c1-424b-9868-57a2d4851a1d" />
  </TestEntries>
  <TestLists>
    <TestList name="Results Not in a List" id="8c84fa94-04c1-424b-9868-57a2d4851a1d" />
    <TestList name="All Loaded Results" id="19431567-8539-422a-85d7-44ee4e166bda" />
  </TestLists>
  <ResultSummary outcome="Completed">
    <Counters total="64" executed="64" passed="64" failed="0" error="0" timeout="0" aborted="0" inconclusive="0" passedButRunAborted="0" notRunnable="0" notExecuted="0" disconnected="0" warning="0" completed="0" inProgress="0" pending="0" />
    <Output>
      <StdOut>[xUnit.net 00:00:00.00] xUnit.net VSTest Adapter v2.4.1 (64-bit .NET Core 4.6.28619.01)&#xD;
[xUnit.net 00:00:00.38]   Discovering: Chinook.Repository.Integration.Tests&#xD;
[xUnit.net 00:00:00.44]   Discovered:  Chinook.Repository.Integration.Tests&#xD;
[xUnit.net 00:00:00.44]   Starting:    Chinook.Repository.Integration.Tests&#xD;
[xUnit.net 00:00:19.31]   Finished:    Chinook.Repository.Integration.Tests&#xD;
</StdOut>
    </Output>
  </ResultSummary>
</TestRun>